FATAL [Thread-7] 2014-11-04 11:01:47,291 repast.simphony.ui.GUIScheduleRunner - RunTimeException when running the schedule
Current tick (1.0)
java.lang.RuntimeException: java.lang.reflect.InvocationTargetException
	at repast.simphony.engine.schedule.DynamicTargetAction.execute(DynamicTargetAction.java:72)
	at repast.simphony.engine.controller.ScheduledMethodControllerAction$ScheduleMethodAllAction.execute(ScheduledMethodControllerAction.java:333)
	at repast.simphony.engine.schedule.DefaultAction.execute(DefaultAction.java:38)
	at repast.simphony.engine.schedule.ScheduleGroup.executeList(ScheduleGroup.java:205)
	at repast.simphony.engine.schedule.ScheduleGroup.execute(ScheduleGroup.java:231)
	at repast.simphony.engine.schedule.Schedule.execute(Schedule.java:352)
	at repast.simphony.ui.GUIScheduleRunner$ScheduleLoopRunnable.run(GUIScheduleRunner.java:52)
	at java.lang.Thread.run(Thread.java:744)
Caused by: java.lang.reflect.InvocationTargetException
	at iDAMS.PCP$$FastClassByCGLIB$$5e63629b.invoke(<generated>)
	at net.sf.cglib.reflect.FastMethod.invoke(FastMethod.java:53)
	at repast.simphony.engine.schedule.DynamicTargetAction.execute(DynamicTargetAction.java:69)
	... 7 more
Caused by: java.lang.IndexOutOfBoundsException: Index: 18, Size: 18
	at java.util.LinkedList.checkElementIndex(LinkedList.java:553)
	at java.util.LinkedList.get(LinkedList.java:474)
	at iDAMS.PCP.randomReciprocalNetwork(PCP.java:151)
	at iDAMS.PCP.step(PCP.java:64)
	... 10 more
FATAL [Thread-7] 2014-11-04 11:03:08,580 repast.simphony.ui.GUIScheduleRunner - RunTimeException when running the schedule
Current tick (3.0)
java.lang.RuntimeException: java.lang.reflect.InvocationTargetException
	at repast.simphony.engine.schedule.DynamicTargetAction.execute(DynamicTargetAction.java:72)
	at repast.simphony.engine.controller.ScheduledMethodControllerAction$ScheduleMethodAllAction.execute(ScheduledMethodControllerAction.java:333)
	at repast.simphony.engine.schedule.DefaultAction.execute(DefaultAction.java:38)
	at repast.simphony.engine.schedule.ScheduleGroup.executeList(ScheduleGroup.java:205)
	at repast.simphony.engine.schedule.ScheduleGroup.execute(ScheduleGroup.java:231)
	at repast.simphony.engine.schedule.Schedule.execute(Schedule.java:352)
	at repast.simphony.ui.GUIScheduleRunner$ScheduleLoopRunnable.run(GUIScheduleRunner.java:52)
	at java.lang.Thread.run(Thread.java:744)
Caused by: java.lang.reflect.InvocationTargetException
	at iDAMS.PCP$$FastClassByCGLIB$$5e63629b.invoke(<generated>)
	at net.sf.cglib.reflect.FastMethod.invoke(FastMethod.java:53)
	at repast.simphony.engine.schedule.DynamicTargetAction.execute(DynamicTargetAction.java:69)
	... 7 more
Caused by: java.lang.IndexOutOfBoundsException: Index: 5, Size: 4
	at java.util.LinkedList.checkElementIndex(LinkedList.java:553)
	at java.util.LinkedList.get(LinkedList.java:474)
	at iDAMS.PCP.randomReciprocalNetwork(PCP.java:139)
	at iDAMS.PCP.step(PCP.java:64)
	... 10 more
FATAL [Thread-7] 2014-11-04 11:10:24,429 repast.simphony.ui.GUIScheduleRunner - RunTimeException when running the schedule
Current tick (3.0)
java.lang.RuntimeException: java.lang.reflect.InvocationTargetException
	at repast.simphony.engine.schedule.DynamicTargetAction.execute(DynamicTargetAction.java:72)
	at repast.simphony.engine.controller.ScheduledMethodControllerAction$ScheduleMethodAllAction.execute(ScheduledMethodControllerAction.java:333)
	at repast.simphony.engine.schedule.DefaultAction.execute(DefaultAction.java:38)
	at repast.simphony.engine.schedule.ScheduleGroup.executeList(ScheduleGroup.java:205)
	at repast.simphony.engine.schedule.ScheduleGroup.execute(ScheduleGroup.java:231)
	at repast.simphony.engine.schedule.Schedule.execute(Schedule.java:352)
	at repast.simphony.ui.GUIScheduleRunner$ScheduleLoopRunnable.run(GUIScheduleRunner.java:52)
	at java.lang.Thread.run(Thread.java:744)
Caused by: java.lang.reflect.InvocationTargetException
	at iDAMS.PCP$$FastClassByCGLIB$$5e63629b.invoke(<generated>)
	at net.sf.cglib.reflect.FastMethod.invoke(FastMethod.java:53)
	at repast.simphony.engine.schedule.DynamicTargetAction.execute(DynamicTargetAction.java:69)
	... 7 more
Caused by: java.lang.IndexOutOfBoundsException: Index: 5, Size: 4
	at java.util.LinkedList.checkElementIndex(LinkedList.java:553)
	at java.util.LinkedList.get(LinkedList.java:474)
	at iDAMS.PCP.randomReciprocalNetwork(PCP.java:141)
	at iDAMS.PCP.step(PCP.java:66)
	... 10 more
FATAL [Thread-7] 2014-11-04 11:16:21,589 repast.simphony.ui.GUIScheduleRunner - RunTimeException when running the schedule
Current tick (1.0)
java.lang.RuntimeException: java.lang.reflect.InvocationTargetException
	at repast.simphony.engine.schedule.DynamicTargetAction.execute(DynamicTargetAction.java:72)
	at repast.simphony.engine.controller.ScheduledMethodControllerAction$ScheduleMethodAllAction.execute(ScheduledMethodControllerAction.java:333)
	at repast.simphony.engine.schedule.DefaultAction.execute(DefaultAction.java:38)
	at repast.simphony.engine.schedule.ScheduleGroup.executeList(ScheduleGroup.java:205)
	at repast.simphony.engine.schedule.ScheduleGroup.execute(ScheduleGroup.java:231)
	at repast.simphony.engine.schedule.Schedule.execute(Schedule.java:352)
	at repast.simphony.ui.GUIScheduleRunner$ScheduleLoopRunnable.run(GUIScheduleRunner.java:52)
	at java.lang.Thread.run(Thread.java:744)
Caused by: java.lang.reflect.InvocationTargetException
	at iDAMS.PCP$$FastClassByCGLIB$$5e63629b.invoke(<generated>)
	at net.sf.cglib.reflect.FastMethod.invoke(FastMethod.java:53)
	at repast.simphony.engine.schedule.DynamicTargetAction.execute(DynamicTargetAction.java:69)
	... 7 more
Caused by: java.lang.ClassCastException: java.util.Collections$UnmodifiableCollection cannot be cast to java.util.Iterator
	at iDAMS.PCP.randomReciprocalNetwork(PCP.java:142)
	at iDAMS.PCP.step(PCP.java:66)
	... 10 more
FATAL [Thread-7] 2014-12-16 14:46:12,526 repast.simphony.ui.GUIScheduleRunner - RunTimeException when running the schedule
Current tick (1.0)
java.lang.RuntimeException: java.lang.reflect.InvocationTargetException
	at repast.simphony.engine.schedule.DynamicTargetAction.execute(DynamicTargetAction.java:72)
	at repast.simphony.engine.controller.ScheduledMethodControllerAction$ScheduleMethodAllAction.execute(ScheduledMethodControllerAction.java:333)
	at repast.simphony.engine.schedule.DefaultAction.execute(DefaultAction.java:38)
	at repast.simphony.engine.schedule.ScheduleGroup.executeList(ScheduleGroup.java:205)
	at repast.simphony.engine.schedule.ScheduleGroup.execute(ScheduleGroup.java:231)
	at repast.simphony.engine.schedule.Schedule.execute(Schedule.java:352)
	at repast.simphony.ui.GUIScheduleRunner$ScheduleLoopRunnable.run(GUIScheduleRunner.java:52)
	at java.lang.Thread.run(Thread.java:744)
Caused by: java.lang.reflect.InvocationTargetException
	at iDAMS.PCP$$FastClassByCGLIB$$5e63629b.invoke(<generated>)
	at net.sf.cglib.reflect.FastMethod.invoke(FastMethod.java:53)
	at repast.simphony.engine.schedule.DynamicTargetAction.execute(DynamicTargetAction.java:69)
	... 7 more
Caused by: java.lang.IndexOutOfBoundsException: Index: 0, Size: 0
	at java.util.LinkedList.checkElementIndex(LinkedList.java:553)
	at java.util.LinkedList.get(LinkedList.java:474)
	at iDAMS.PCP.randomGroupNetwork(PCP.java:152)
	at iDAMS.PCP.step(PCP.java:63)
	... 10 more
FATAL [Thread-7] 2014-12-16 15:21:37,260 repast.simphony.ui.GUIScheduleRunner - RunTimeException when running the schedule
Current tick (1.0)
java.lang.RuntimeException: java.lang.reflect.InvocationTargetException
	at repast.simphony.engine.schedule.DynamicTargetAction.execute(DynamicTargetAction.java:72)
	at repast.simphony.engine.controller.ScheduledMethodControllerAction$ScheduleMethodAllAction.execute(ScheduledMethodControllerAction.java:333)
	at repast.simphony.engine.schedule.DefaultAction.execute(DefaultAction.java:38)
	at repast.simphony.engine.schedule.ScheduleGroup.executeList(ScheduleGroup.java:205)
	at repast.simphony.engine.schedule.ScheduleGroup.execute(ScheduleGroup.java:231)
	at repast.simphony.engine.schedule.Schedule.execute(Schedule.java:352)
	at repast.simphony.ui.GUIScheduleRunner$ScheduleLoopRunnable.run(GUIScheduleRunner.java:52)
	at java.lang.Thread.run(Thread.java:744)
Caused by: java.lang.reflect.InvocationTargetException
	at iDAMS.PCP$$FastClassByCGLIB$$5e63629b.invoke(<generated>)
	at net.sf.cglib.reflect.FastMethod.invoke(FastMethod.java:53)
	at repast.simphony.engine.schedule.DynamicTargetAction.execute(DynamicTargetAction.java:69)
	... 7 more
Caused by: java.lang.IndexOutOfBoundsException: Index: 0, Size: 0
	at java.util.LinkedList.checkElementIndex(LinkedList.java:553)
	at java.util.LinkedList.get(LinkedList.java:474)
	at iDAMS.PCP.randomGroupNetwork(PCP.java:167)
	at iDAMS.PCP.step(PCP.java:63)
	... 10 more
FATAL [Thread-7] 2014-12-17 14:51:10,238 repast.simphony.ui.GUIScheduleRunner - RunTimeException when running the schedule
Current tick (1.0)
java.lang.RuntimeException: java.lang.reflect.InvocationTargetException
	at repast.simphony.engine.schedule.DynamicTargetAction.execute(DynamicTargetAction.java:72)
	at repast.simphony.engine.controller.ScheduledMethodControllerAction$ScheduleMethodAllAction.execute(ScheduledMethodControllerAction.java:333)
	at repast.simphony.engine.schedule.DefaultAction.execute(DefaultAction.java:38)
	at repast.simphony.engine.schedule.ScheduleGroup.executeList(ScheduleGroup.java:205)
	at repast.simphony.engine.schedule.ScheduleGroup.execute(ScheduleGroup.java:231)
	at repast.simphony.engine.schedule.Schedule.execute(Schedule.java:352)
	at repast.simphony.ui.GUIScheduleRunner$ScheduleLoopRunnable.run(GUIScheduleRunner.java:52)
	at java.lang.Thread.run(Thread.java:744)
Caused by: java.lang.reflect.InvocationTargetException
	at iDAMS.PCP$$FastClassByCGLIB$$5e63629b.invoke(<generated>)
	at net.sf.cglib.reflect.FastMethod.invoke(FastMethod.java:53)
	at repast.simphony.engine.schedule.DynamicTargetAction.execute(DynamicTargetAction.java:69)
	... 7 more
Caused by: java.util.NoSuchElementException
	at java.util.LinkedList$ListItr.next(LinkedList.java:888)
	at iDAMS.PCP.preferedGroupNetwork(PCP.java:210)
	at iDAMS.PCP.step(PCP.java:69)
	... 10 more
FATAL [Thread-7] 2014-12-17 14:52:06,328 repast.simphony.ui.GUIScheduleRunner - RunTimeException when running the schedule
Current tick (1.0)
java.lang.RuntimeException: java.lang.reflect.InvocationTargetException
	at repast.simphony.engine.schedule.DynamicTargetAction.execute(DynamicTargetAction.java:72)
	at repast.simphony.engine.controller.ScheduledMethodControllerAction$ScheduleMethodAllAction.execute(ScheduledMethodControllerAction.java:333)
	at repast.simphony.engine.schedule.DefaultAction.execute(DefaultAction.java:38)
	at repast.simphony.engine.schedule.ScheduleGroup.executeList(ScheduleGroup.java:205)
	at repast.simphony.engine.schedule.ScheduleGroup.execute(ScheduleGroup.java:231)
	at repast.simphony.engine.schedule.Schedule.execute(Schedule.java:352)
	at repast.simphony.ui.GUIScheduleRunner$ScheduleLoopRunnable.run(GUIScheduleRunner.java:52)
	at java.lang.Thread.run(Thread.java:744)
Caused by: java.lang.reflect.InvocationTargetException
	at iDAMS.PCP$$FastClassByCGLIB$$5e63629b.invoke(<generated>)
	at net.sf.cglib.reflect.FastMethod.invoke(FastMethod.java:53)
	at repast.simphony.engine.schedule.DynamicTargetAction.execute(DynamicTargetAction.java:69)
	... 7 more
Caused by: java.lang.IndexOutOfBoundsException: Index: 0, Size: 0
	at java.util.LinkedList.checkElementIndex(LinkedList.java:553)
	at java.util.LinkedList.get(LinkedList.java:474)
	at iDAMS.PCP.preferedGroupNetwork(PCP.java:228)
	at iDAMS.PCP.step(PCP.java:69)
	... 10 more
WARN  [AWT-EventQueue-0] 2014-12-18 13:36:22,006 repast.simphony.scenario.ObjectActionLoader - Error loading information from data. Continuing with model loading.
com.thoughtworks.xstream.mapper.CannotResolveClassException: repast.simphony.visualization.engine.CartesianDisplayDescriptor
	at com.thoughtworks.xstream.mapper.DefaultMapper.realClass(DefaultMapper.java:56)
	at com.thoughtworks.xstream.mapper.MapperWrapper.realClass(MapperWrapper.java:30)
	at com.thoughtworks.xstream.mapper.XStream11XmlFriendlyMapper.realClass(XStream11XmlFriendlyMapper.java:38)
	at com.thoughtworks.xstream.mapper.MapperWrapper.realClass(MapperWrapper.java:30)
	at com.thoughtworks.xstream.mapper.DynamicProxyMapper.realClass(DynamicProxyMapper.java:55)
	at com.thoughtworks.xstream.mapper.MapperWrapper.realClass(MapperWrapper.java:30)
	at com.thoughtworks.xstream.mapper.PackageAliasingMapper.realClass(PackageAliasingMapper.java:88)
	at com.thoughtworks.xstream.mapper.MapperWrapper.realClass(MapperWrapper.java:30)
	at com.thoughtworks.xstream.mapper.ClassAliasingMapper.realClass(ClassAliasingMapper.java:79)
	at com.thoughtworks.xstream.mapper.MapperWrapper.realClass(MapperWrapper.java:30)
	at com.thoughtworks.xstream.mapper.MapperWrapper.realClass(MapperWrapper.java:30)
	at com.thoughtworks.xstream.mapper.MapperWrapper.realClass(MapperWrapper.java:30)
	at com.thoughtworks.xstream.mapper.MapperWrapper.realClass(MapperWrapper.java:30)
	at com.thoughtworks.xstream.mapper.MapperWrapper.realClass(MapperWrapper.java:30)
	at com.thoughtworks.xstream.mapper.MapperWrapper.realClass(MapperWrapper.java:30)
	at com.thoughtworks.xstream.mapper.ArrayMapper.realClass(ArrayMapper.java:74)
	at com.thoughtworks.xstream.mapper.MapperWrapper.realClass(MapperWrapper.java:30)
	at com.thoughtworks.xstream.mapper.MapperWrapper.realClass(MapperWrapper.java:30)
	at com.thoughtworks.xstream.mapper.MapperWrapper.realClass(MapperWrapper.java:30)
	at com.thoughtworks.xstream.mapper.MapperWrapper.realClass(MapperWrapper.java:30)
	at com.thoughtworks.xstream.mapper.MapperWrapper.realClass(MapperWrapper.java:30)
	at com.thoughtworks.xstream.mapper.MapperWrapper.realClass(MapperWrapper.java:30)
	at com.thoughtworks.xstream.mapper.MapperWrapper.realClass(MapperWrapper.java:30)
	at com.thoughtworks.xstream.mapper.CachingMapper.realClass(CachingMapper.java:45)
	at com.thoughtworks.xstream.core.util.HierarchicalStreams.readClassType(HierarchicalStreams.java:29)
	at com.thoughtworks.xstream.core.TreeUnmarshaller.start(TreeUnmarshaller.java:133)
	at com.thoughtworks.xstream.core.AbstractTreeMarshallingStrategy.unmarshal(AbstractTreeMarshallingStrategy.java:32)
	at com.thoughtworks.xstream.XStream.unmarshal(XStream.java:1058)
	at com.thoughtworks.xstream.XStream.unmarshal(XStream.java:1042)
	at com.thoughtworks.xstream.XStream.fromXML(XStream.java:913)
	at repast.simphony.scenario.ObjectActionLoader.performLoad(ObjectActionLoader.java:33)
	at repast.simphony.scenario.AbstractActionLoader.loadAction(AbstractActionLoader.java:35)
	at repast.simphony.scenario.ScenarioFileLoader.createActions(ScenarioFileLoader.java:90)
	at repast.simphony.scenario.ScenarioFileLoader.load(ScenarioFileLoader.java:66)
	at repast.simphony.scenario.ScenarioLoader.load(ScenarioLoader.java:192)
	at repast.simphony.ui.RSApplication.open(RSApplication.java:355)
	at repast.simphony.ui.RSAppConfigurator.postWindowOpen(RSAppConfigurator.java:39)
	at saf.core.ui.GUICreatorDelegate.runDisplay(GUICreatorDelegate.java:188)
	at saf.core.ui.GUICreator$1.run(GUICreator.java:18)
	at simphony.util.ThreadUtilities$Runner.run(ThreadUtilities.java:33)
	at simphony.util.ThreadUtilities.runInEventThread(ThreadUtilities.java:47)
	at saf.core.ui.GUICreator.runDisplay(GUICreator.java:16)
	at repast.simphony.ui.RSUIPlugin$1.run(RSUIPlugin.java:104)
	at java.awt.event.InvocationEvent.dispatch(InvocationEvent.java:251)
	at java.awt.EventQueue.dispatchEventImpl(EventQueue.java:733)
	at java.awt.EventQueue.access$200(EventQueue.java:103)
	at java.awt.EventQueue$3.run(EventQueue.java:694)
	at java.awt.EventQueue$3.run(EventQueue.java:692)
	at java.security.AccessController.doPrivileged(Native Method)
	at java.security.ProtectionDomain$1.doIntersectionPrivilege(ProtectionDomain.java:76)
	at java.awt.EventQueue.dispatchEvent(EventQueue.java:703)
	at java.awt.EventDispatchThread.pumpOneEventForFilters(EventDispatchThread.java:242)
	at java.awt.EventDispatchThread.pumpEventsForFilter(EventDispatchThread.java:161)
	at java.awt.EventDispatchThread.pumpEventsForHierarchy(EventDispatchThread.java:150)
	at java.awt.EventDispatchThread.pumpEvents(EventDispatchThread.java:146)
	at java.awt.EventDispatchThread.pumpEvents(EventDispatchThread.java:138)
	at java.awt.EventDispatchThread.run(EventDispatchThread.java:91)
WARN  [AWT-EventQueue-0] 2014-12-18 13:36:22,025 repast.simphony.scenario.ObjectActionLoader - Error loading information from data. Continuing with model loading.
com.thoughtworks.xstream.mapper.CannotResolveClassException: repast.simphony.visualization.engine.CartesianDisplayDescriptor
	at com.thoughtworks.xstream.mapper.DefaultMapper.realClass(DefaultMapper.java:56)
	at com.thoughtworks.xstream.mapper.MapperWrapper.realClass(MapperWrapper.java:30)
	at com.thoughtworks.xstream.mapper.XStream11XmlFriendlyMapper.realClass(XStream11XmlFriendlyMapper.java:38)
	at com.thoughtworks.xstream.mapper.MapperWrapper.realClass(MapperWrapper.java:30)
	at com.thoughtworks.xstream.mapper.DynamicProxyMapper.realClass(DynamicProxyMapper.java:55)
	at com.thoughtworks.xstream.mapper.MapperWrapper.realClass(MapperWrapper.java:30)
	at com.thoughtworks.xstream.mapper.PackageAliasingMapper.realClass(PackageAliasingMapper.java:88)
	at com.thoughtworks.xstream.mapper.MapperWrapper.realClass(MapperWrapper.java:30)
	at com.thoughtworks.xstream.mapper.ClassAliasingMapper.realClass(ClassAliasingMapper.java:79)
	at com.thoughtworks.xstream.mapper.MapperWrapper.realClass(MapperWrapper.java:30)
	at com.thoughtworks.xstream.mapper.MapperWrapper.realClass(MapperWrapper.java:30)
	at com.thoughtworks.xstream.mapper.MapperWrapper.realClass(MapperWrapper.java:30)
	at com.thoughtworks.xstream.mapper.MapperWrapper.realClass(MapperWrapper.java:30)
	at com.thoughtworks.xstream.mapper.MapperWrapper.realClass(MapperWrapper.java:30)
	at com.thoughtworks.xstream.mapper.MapperWrapper.realClass(MapperWrapper.java:30)
	at com.thoughtworks.xstream.mapper.ArrayMapper.realClass(ArrayMapper.java:74)
	at com.thoughtworks.xstream.mapper.MapperWrapper.realClass(MapperWrapper.java:30)
	at com.thoughtworks.xstream.mapper.MapperWrapper.realClass(MapperWrapper.java:30)
	at com.thoughtworks.xstream.mapper.MapperWrapper.realClass(MapperWrapper.java:30)
	at com.thoughtworks.xstream.mapper.MapperWrapper.realClass(MapperWrapper.java:30)
	at com.thoughtworks.xstream.mapper.MapperWrapper.realClass(MapperWrapper.java:30)
	at com.thoughtworks.xstream.mapper.MapperWrapper.realClass(MapperWrapper.java:30)
	at com.thoughtworks.xstream.mapper.MapperWrapper.realClass(MapperWrapper.java:30)
	at com.thoughtworks.xstream.mapper.CachingMapper.realClass(CachingMapper.java:45)
	at com.thoughtworks.xstream.core.util.HierarchicalStreams.readClassType(HierarchicalStreams.java:29)
	at com.thoughtworks.xstream.core.TreeUnmarshaller.start(TreeUnmarshaller.java:133)
	at com.thoughtworks.xstream.core.AbstractTreeMarshallingStrategy.unmarshal(AbstractTreeMarshallingStrategy.java:32)
	at com.thoughtworks.xstream.XStream.unmarshal(XStream.java:1058)
	at com.thoughtworks.xstream.XStream.unmarshal(XStream.java:1042)
	at com.thoughtworks.xstream.XStream.fromXML(XStream.java:913)
	at repast.simphony.scenario.ObjectActionLoader.performLoad(ObjectActionLoader.java:33)
	at repast.simphony.scenario.AbstractActionLoader.loadAction(AbstractActionLoader.java:35)
	at repast.simphony.scenario.ScenarioFileLoader.createActions(ScenarioFileLoader.java:90)
	at repast.simphony.scenario.ScenarioFileLoader.load(ScenarioFileLoader.java:66)
	at repast.simphony.scenario.ScenarioLoader.load(ScenarioLoader.java:192)
	at repast.simphony.ui.RSApplication.open(RSApplication.java:355)
	at repast.simphony.ui.RSAppConfigurator.postWindowOpen(RSAppConfigurator.java:39)
	at saf.core.ui.GUICreatorDelegate.runDisplay(GUICreatorDelegate.java:188)
	at saf.core.ui.GUICreator$1.run(GUICreator.java:18)
	at simphony.util.ThreadUtilities$Runner.run(ThreadUtilities.java:33)
	at simphony.util.ThreadUtilities.runInEventThread(ThreadUtilities.java:47)
	at saf.core.ui.GUICreator.runDisplay(GUICreator.java:16)
	at repast.simphony.ui.RSUIPlugin$1.run(RSUIPlugin.java:104)
	at java.awt.event.InvocationEvent.dispatch(InvocationEvent.java:251)
	at java.awt.EventQueue.dispatchEventImpl(EventQueue.java:733)
	at java.awt.EventQueue.access$200(EventQueue.java:103)
	at java.awt.EventQueue$3.run(EventQueue.java:694)
	at java.awt.EventQueue$3.run(EventQueue.java:692)
	at java.security.AccessController.doPrivileged(Native Method)
	at java.security.ProtectionDomain$1.doIntersectionPrivilege(ProtectionDomain.java:76)
	at java.awt.EventQueue.dispatchEvent(EventQueue.java:703)
	at java.awt.EventDispatchThread.pumpOneEventForFilters(EventDispatchThread.java:242)
	at java.awt.EventDispatchThread.pumpEventsForFilter(EventDispatchThread.java:161)
	at java.awt.EventDispatchThread.pumpEventsForHierarchy(EventDispatchThread.java:150)
	at java.awt.EventDispatchThread.pumpEvents(EventDispatchThread.java:146)
	at java.awt.EventDispatchThread.pumpEvents(EventDispatchThread.java:138)
	at java.awt.EventDispatchThread.run(EventDispatchThread.java:91)
WARN  [AWT-EventQueue-0] 2014-12-18 13:36:22,032 repast.simphony.scenario.ObjectActionLoader - Error loading information from data. Continuing with model loading.
com.thoughtworks.xstream.mapper.CannotResolveClassException: repast.simphony.visualization.engine.CartesianDisplayDescriptor
	at com.thoughtworks.xstream.mapper.DefaultMapper.realClass(DefaultMapper.java:56)
	at com.thoughtworks.xstream.mapper.MapperWrapper.realClass(MapperWrapper.java:30)
	at com.thoughtworks.xstream.mapper.XStream11XmlFriendlyMapper.realClass(XStream11XmlFriendlyMapper.java:38)
	at com.thoughtworks.xstream.mapper.MapperWrapper.realClass(MapperWrapper.java:30)
	at com.thoughtworks.xstream.mapper.DynamicProxyMapper.realClass(DynamicProxyMapper.java:55)
	at com.thoughtworks.xstream.mapper.MapperWrapper.realClass(MapperWrapper.java:30)
	at com.thoughtworks.xstream.mapper.PackageAliasingMapper.realClass(PackageAliasingMapper.java:88)
	at com.thoughtworks.xstream.mapper.MapperWrapper.realClass(MapperWrapper.java:30)
	at com.thoughtworks.xstream.mapper.ClassAliasingMapper.realClass(ClassAliasingMapper.java:79)
	at com.thoughtworks.xstream.mapper.MapperWrapper.realClass(MapperWrapper.java:30)
	at com.thoughtworks.xstream.mapper.MapperWrapper.realClass(MapperWrapper.java:30)
	at com.thoughtworks.xstream.mapper.MapperWrapper.realClass(MapperWrapper.java:30)
	at com.thoughtworks.xstream.mapper.MapperWrapper.realClass(MapperWrapper.java:30)
	at com.thoughtworks.xstream.mapper.MapperWrapper.realClass(MapperWrapper.java:30)
	at com.thoughtworks.xstream.mapper.MapperWrapper.realClass(MapperWrapper.java:30)
	at com.thoughtworks.xstream.mapper.ArrayMapper.realClass(ArrayMapper.java:74)
	at com.thoughtworks.xstream.mapper.MapperWrapper.realClass(MapperWrapper.java:30)
	at com.thoughtworks.xstream.mapper.MapperWrapper.realClass(MapperWrapper.java:30)
	at com.thoughtworks.xstream.mapper.MapperWrapper.realClass(MapperWrapper.java:30)
	at com.thoughtworks.xstream.mapper.MapperWrapper.realClass(MapperWrapper.java:30)
	at com.thoughtworks.xstream.mapper.MapperWrapper.realClass(MapperWrapper.java:30)
	at com.thoughtworks.xstream.mapper.MapperWrapper.realClass(MapperWrapper.java:30)
	at com.thoughtworks.xstream.mapper.MapperWrapper.realClass(MapperWrapper.java:30)
	at com.thoughtworks.xstream.mapper.CachingMapper.realClass(CachingMapper.java:45)
	at com.thoughtworks.xstream.core.util.HierarchicalStreams.readClassType(HierarchicalStreams.java:29)
	at com.thoughtworks.xstream.core.TreeUnmarshaller.start(TreeUnmarshaller.java:133)
	at com.thoughtworks.xstream.core.AbstractTreeMarshallingStrategy.unmarshal(AbstractTreeMarshallingStrategy.java:32)
	at com.thoughtworks.xstream.XStream.unmarshal(XStream.java:1058)
	at com.thoughtworks.xstream.XStream.unmarshal(XStream.java:1042)
	at com.thoughtworks.xstream.XStream.fromXML(XStream.java:913)
	at repast.simphony.scenario.ObjectActionLoader.performLoad(ObjectActionLoader.java:33)
	at repast.simphony.scenario.AbstractActionLoader.loadAction(AbstractActionLoader.java:35)
	at repast.simphony.scenario.ScenarioFileLoader.createActions(ScenarioFileLoader.java:90)
	at repast.simphony.scenario.ScenarioFileLoader.load(ScenarioFileLoader.java:66)
	at repast.simphony.scenario.ScenarioLoader.load(ScenarioLoader.java:192)
	at repast.simphony.ui.RSApplication.open(RSApplication.java:355)
	at repast.simphony.ui.RSAppConfigurator.postWindowOpen(RSAppConfigurator.java:39)
	at saf.core.ui.GUICreatorDelegate.runDisplay(GUICreatorDelegate.java:188)
	at saf.core.ui.GUICreator$1.run(GUICreator.java:18)
	at simphony.util.ThreadUtilities$Runner.run(ThreadUtilities.java:33)
	at simphony.util.ThreadUtilities.runInEventThread(ThreadUtilities.java:47)
	at saf.core.ui.GUICreator.runDisplay(GUICreator.java:16)
	at repast.simphony.ui.RSUIPlugin$1.run(RSUIPlugin.java:104)
	at java.awt.event.InvocationEvent.dispatch(InvocationEvent.java:251)
	at java.awt.EventQueue.dispatchEventImpl(EventQueue.java:733)
	at java.awt.EventQueue.access$200(EventQueue.java:103)
	at java.awt.EventQueue$3.run(EventQueue.java:694)
	at java.awt.EventQueue$3.run(EventQueue.java:692)
	at java.security.AccessController.doPrivileged(Native Method)
	at java.security.ProtectionDomain$1.doIntersectionPrivilege(ProtectionDomain.java:76)
	at java.awt.EventQueue.dispatchEvent(EventQueue.java:703)
	at java.awt.EventDispatchThread.pumpOneEventForFilters(EventDispatchThread.java:242)
	at java.awt.EventDispatchThread.pumpEventsForFilter(EventDispatchThread.java:161)
	at java.awt.EventDispatchThread.pumpEventsForHierarchy(EventDispatchThread.java:150)
	at java.awt.EventDispatchThread.pumpEvents(EventDispatchThread.java:146)
	at java.awt.EventDispatchThread.pumpEvents(EventDispatchThread.java:138)
	at java.awt.EventDispatchThread.run(EventDispatchThread.java:91)
WARN  [AWT-EventQueue-0] 2014-12-18 13:37:55,271 repast.simphony.scenario.ObjectActionLoader - Error loading information from data. Continuing with model loading.
com.thoughtworks.xstream.mapper.CannotResolveClassException: repast.simphony.visualization.engine.CartesianDisplayDescriptor
	at com.thoughtworks.xstream.mapper.DefaultMapper.realClass(DefaultMapper.java:56)
	at com.thoughtworks.xstream.mapper.MapperWrapper.realClass(MapperWrapper.java:30)
	at com.thoughtworks.xstream.mapper.XStream11XmlFriendlyMapper.realClass(XStream11XmlFriendlyMapper.java:38)
	at com.thoughtworks.xstream.mapper.MapperWrapper.realClass(MapperWrapper.java:30)
	at com.thoughtworks.xstream.mapper.DynamicProxyMapper.realClass(DynamicProxyMapper.java:55)
	at com.thoughtworks.xstream.mapper.MapperWrapper.realClass(MapperWrapper.java:30)
	at com.thoughtworks.xstream.mapper.PackageAliasingMapper.realClass(PackageAliasingMapper.java:88)
	at com.thoughtworks.xstream.mapper.MapperWrapper.realClass(MapperWrapper.java:30)
	at com.thoughtworks.xstream.mapper.ClassAliasingMapper.realClass(ClassAliasingMapper.java:79)
	at com.thoughtworks.xstream.mapper.MapperWrapper.realClass(MapperWrapper.java:30)
	at com.thoughtworks.xstream.mapper.MapperWrapper.realClass(MapperWrapper.java:30)
	at com.thoughtworks.xstream.mapper.MapperWrapper.realClass(MapperWrapper.java:30)
	at com.thoughtworks.xstream.mapper.MapperWrapper.realClass(MapperWrapper.java:30)
	at com.thoughtworks.xstream.mapper.MapperWrapper.realClass(MapperWrapper.java:30)
	at com.thoughtworks.xstream.mapper.MapperWrapper.realClass(MapperWrapper.java:30)
	at com.thoughtworks.xstream.mapper.ArrayMapper.realClass(ArrayMapper.java:74)
	at com.thoughtworks.xstream.mapper.MapperWrapper.realClass(MapperWrapper.java:30)
	at com.thoughtworks.xstream.mapper.MapperWrapper.realClass(MapperWrapper.java:30)
	at com.thoughtworks.xstream.mapper.MapperWrapper.realClass(MapperWrapper.java:30)
	at com.thoughtworks.xstream.mapper.MapperWrapper.realClass(MapperWrapper.java:30)
	at com.thoughtworks.xstream.mapper.MapperWrapper.realClass(MapperWrapper.java:30)
	at com.thoughtworks.xstream.mapper.MapperWrapper.realClass(MapperWrapper.java:30)
	at com.thoughtworks.xstream.mapper.MapperWrapper.realClass(MapperWrapper.java:30)
	at com.thoughtworks.xstream.mapper.CachingMapper.realClass(CachingMapper.java:45)
	at com.thoughtworks.xstream.core.util.HierarchicalStreams.readClassType(HierarchicalStreams.java:29)
	at com.thoughtworks.xstream.core.TreeUnmarshaller.start(TreeUnmarshaller.java:133)
	at com.thoughtworks.xstream.core.AbstractTreeMarshallingStrategy.unmarshal(AbstractTreeMarshallingStrategy.java:32)
	at com.thoughtworks.xstream.XStream.unmarshal(XStream.java:1058)
	at com.thoughtworks.xstream.XStream.unmarshal(XStream.java:1042)
	at com.thoughtworks.xstream.XStream.fromXML(XStream.java:913)
	at repast.simphony.scenario.ObjectActionLoader.performLoad(ObjectActionLoader.java:33)
	at repast.simphony.scenario.AbstractActionLoader.loadAction(AbstractActionLoader.java:35)
	at repast.simphony.scenario.ScenarioFileLoader.createActions(ScenarioFileLoader.java:90)
	at repast.simphony.scenario.ScenarioFileLoader.load(ScenarioFileLoader.java:66)
	at repast.simphony.scenario.ScenarioLoader.load(ScenarioLoader.java:192)
	at repast.simphony.ui.RSApplication.open(RSApplication.java:355)
	at repast.simphony.ui.RSAppConfigurator.postWindowOpen(RSAppConfigurator.java:39)
	at saf.core.ui.GUICreatorDelegate.runDisplay(GUICreatorDelegate.java:188)
	at saf.core.ui.GUICreator$1.run(GUICreator.java:18)
	at simphony.util.ThreadUtilities$Runner.run(ThreadUtilities.java:33)
	at simphony.util.ThreadUtilities.runInEventThread(ThreadUtilities.java:47)
	at saf.core.ui.GUICreator.runDisplay(GUICreator.java:16)
	at repast.simphony.ui.RSUIPlugin$1.run(RSUIPlugin.java:104)
	at java.awt.event.InvocationEvent.dispatch(InvocationEvent.java:251)
	at java.awt.EventQueue.dispatchEventImpl(EventQueue.java:733)
	at java.awt.EventQueue.access$200(EventQueue.java:103)
	at java.awt.EventQueue$3.run(EventQueue.java:694)
	at java.awt.EventQueue$3.run(EventQueue.java:692)
	at java.security.AccessController.doPrivileged(Native Method)
	at java.security.ProtectionDomain$1.doIntersectionPrivilege(ProtectionDomain.java:76)
	at java.awt.EventQueue.dispatchEvent(EventQueue.java:703)
	at java.awt.EventDispatchThread.pumpOneEventForFilters(EventDispatchThread.java:242)
	at java.awt.EventDispatchThread.pumpEventsForFilter(EventDispatchThread.java:161)
	at java.awt.EventDispatchThread.pumpEventsForHierarchy(EventDispatchThread.java:150)
	at java.awt.EventDispatchThread.pumpEvents(EventDispatchThread.java:146)
	at java.awt.EventDispatchThread.pumpEvents(EventDispatchThread.java:138)
	at java.awt.EventDispatchThread.run(EventDispatchThread.java:91)
WARN  [AWT-EventQueue-0] 2014-12-18 13:37:55,277 repast.simphony.scenario.ObjectActionLoader - Error loading information from data. Continuing with model loading.
com.thoughtworks.xstream.mapper.CannotResolveClassException: repast.simphony.visualization.engine.CartesianDisplayDescriptor
	at com.thoughtworks.xstream.mapper.DefaultMapper.realClass(DefaultMapper.java:56)
	at com.thoughtworks.xstream.mapper.MapperWrapper.realClass(MapperWrapper.java:30)
	at com.thoughtworks.xstream.mapper.XStream11XmlFriendlyMapper.realClass(XStream11XmlFriendlyMapper.java:38)
	at com.thoughtworks.xstream.mapper.MapperWrapper.realClass(MapperWrapper.java:30)
	at com.thoughtworks.xstream.mapper.DynamicProxyMapper.realClass(DynamicProxyMapper.java:55)
	at com.thoughtworks.xstream.mapper.MapperWrapper.realClass(MapperWrapper.java:30)
	at com.thoughtworks.xstream.mapper.PackageAliasingMapper.realClass(PackageAliasingMapper.java:88)
	at com.thoughtworks.xstream.mapper.MapperWrapper.realClass(MapperWrapper.java:30)
	at com.thoughtworks.xstream.mapper.ClassAliasingMapper.realClass(ClassAliasingMapper.java:79)
	at com.thoughtworks.xstream.mapper.MapperWrapper.realClass(MapperWrapper.java:30)
	at com.thoughtworks.xstream.mapper.MapperWrapper.realClass(MapperWrapper.java:30)
	at com.thoughtworks.xstream.mapper.MapperWrapper.realClass(MapperWrapper.java:30)
	at com.thoughtworks.xstream.mapper.MapperWrapper.realClass(MapperWrapper.java:30)
	at com.thoughtworks.xstream.mapper.MapperWrapper.realClass(MapperWrapper.java:30)
	at com.thoughtworks.xstream.mapper.MapperWrapper.realClass(MapperWrapper.java:30)
	at com.thoughtworks.xstream.mapper.ArrayMapper.realClass(ArrayMapper.java:74)
	at com.thoughtworks.xstream.mapper.MapperWrapper.realClass(MapperWrapper.java:30)
	at com.thoughtworks.xstream.mapper.MapperWrapper.realClass(MapperWrapper.java:30)
	at com.thoughtworks.xstream.mapper.MapperWrapper.realClass(MapperWrapper.java:30)
	at com.thoughtworks.xstream.mapper.MapperWrapper.realClass(MapperWrapper.java:30)
	at com.thoughtworks.xstream.mapper.MapperWrapper.realClass(MapperWrapper.java:30)
	at com.thoughtworks.xstream.mapper.MapperWrapper.realClass(MapperWrapper.java:30)
	at com.thoughtworks.xstream.mapper.MapperWrapper.realClass(MapperWrapper.java:30)
	at com.thoughtworks.xstream.mapper.CachingMapper.realClass(CachingMapper.java:45)
	at com.thoughtworks.xstream.core.util.HierarchicalStreams.readClassType(HierarchicalStreams.java:29)
	at com.thoughtworks.xstream.core.TreeUnmarshaller.start(TreeUnmarshaller.java:133)
	at com.thoughtworks.xstream.core.AbstractTreeMarshallingStrategy.unmarshal(AbstractTreeMarshallingStrategy.java:32)
	at com.thoughtworks.xstream.XStream.unmarshal(XStream.java:1058)
	at com.thoughtworks.xstream.XStream.unmarshal(XStream.java:1042)
	at com.thoughtworks.xstream.XStream.fromXML(XStream.java:913)
	at repast.simphony.scenario.ObjectActionLoader.performLoad(ObjectActionLoader.java:33)
	at repast.simphony.scenario.AbstractActionLoader.loadAction(AbstractActionLoader.java:35)
	at repast.simphony.scenario.ScenarioFileLoader.createActions(ScenarioFileLoader.java:90)
	at repast.simphony.scenario.ScenarioFileLoader.load(ScenarioFileLoader.java:66)
	at repast.simphony.scenario.ScenarioLoader.load(ScenarioLoader.java:192)
	at repast.simphony.ui.RSApplication.open(RSApplication.java:355)
	at repast.simphony.ui.RSAppConfigurator.postWindowOpen(RSAppConfigurator.java:39)
	at saf.core.ui.GUICreatorDelegate.runDisplay(GUICreatorDelegate.java:188)
	at saf.core.ui.GUICreator$1.run(GUICreator.java:18)
	at simphony.util.ThreadUtilities$Runner.run(ThreadUtilities.java:33)
	at simphony.util.ThreadUtilities.runInEventThread(ThreadUtilities.java:47)
	at saf.core.ui.GUICreator.runDisplay(GUICreator.java:16)
	at repast.simphony.ui.RSUIPlugin$1.run(RSUIPlugin.java:104)
	at java.awt.event.InvocationEvent.dispatch(InvocationEvent.java:251)
	at java.awt.EventQueue.dispatchEventImpl(EventQueue.java:733)
	at java.awt.EventQueue.access$200(EventQueue.java:103)
	at java.awt.EventQueue$3.run(EventQueue.java:694)
	at java.awt.EventQueue$3.run(EventQueue.java:692)
	at java.security.AccessController.doPrivileged(Native Method)
	at java.security.ProtectionDomain$1.doIntersectionPrivilege(ProtectionDomain.java:76)
	at java.awt.EventQueue.dispatchEvent(EventQueue.java:703)
	at java.awt.EventDispatchThread.pumpOneEventForFilters(EventDispatchThread.java:242)
	at java.awt.EventDispatchThread.pumpEventsForFilter(EventDispatchThread.java:161)
	at java.awt.EventDispatchThread.pumpEventsForHierarchy(EventDispatchThread.java:150)
	at java.awt.EventDispatchThread.pumpEvents(EventDispatchThread.java:146)
	at java.awt.EventDispatchThread.pumpEvents(EventDispatchThread.java:138)
	at java.awt.EventDispatchThread.run(EventDispatchThread.java:91)
WARN  [AWT-EventQueue-0] 2014-12-18 13:37:55,283 repast.simphony.scenario.ObjectActionLoader - Error loading information from data. Continuing with model loading.
com.thoughtworks.xstream.mapper.CannotResolveClassException: repast.simphony.visualization.engine.CartesianDisplayDescriptor
	at com.thoughtworks.xstream.mapper.DefaultMapper.realClass(DefaultMapper.java:56)
	at com.thoughtworks.xstream.mapper.MapperWrapper.realClass(MapperWrapper.java:30)
	at com.thoughtworks.xstream.mapper.XStream11XmlFriendlyMapper.realClass(XStream11XmlFriendlyMapper.java:38)
	at com.thoughtworks.xstream.mapper.MapperWrapper.realClass(MapperWrapper.java:30)
	at com.thoughtworks.xstream.mapper.DynamicProxyMapper.realClass(DynamicProxyMapper.java:55)
	at com.thoughtworks.xstream.mapper.MapperWrapper.realClass(MapperWrapper.java:30)
	at com.thoughtworks.xstream.mapper.PackageAliasingMapper.realClass(PackageAliasingMapper.java:88)
	at com.thoughtworks.xstream.mapper.MapperWrapper.realClass(MapperWrapper.java:30)
	at com.thoughtworks.xstream.mapper.ClassAliasingMapper.realClass(ClassAliasingMapper.java:79)
	at com.thoughtworks.xstream.mapper.MapperWrapper.realClass(MapperWrapper.java:30)
	at com.thoughtworks.xstream.mapper.MapperWrapper.realClass(MapperWrapper.java:30)
	at com.thoughtworks.xstream.mapper.MapperWrapper.realClass(MapperWrapper.java:30)
	at com.thoughtworks.xstream.mapper.MapperWrapper.realClass(MapperWrapper.java:30)
	at com.thoughtworks.xstream.mapper.MapperWrapper.realClass(MapperWrapper.java:30)
	at com.thoughtworks.xstream.mapper.MapperWrapper.realClass(MapperWrapper.java:30)
	at com.thoughtworks.xstream.mapper.ArrayMapper.realClass(ArrayMapper.java:74)
	at com.thoughtworks.xstream.mapper.MapperWrapper.realClass(MapperWrapper.java:30)
	at com.thoughtworks.xstream.mapper.MapperWrapper.realClass(MapperWrapper.java:30)
	at com.thoughtworks.xstream.mapper.MapperWrapper.realClass(MapperWrapper.java:30)
	at com.thoughtworks.xstream.mapper.MapperWrapper.realClass(MapperWrapper.java:30)
	at com.thoughtworks.xstream.mapper.MapperWrapper.realClass(MapperWrapper.java:30)
	at com.thoughtworks.xstream.mapper.MapperWrapper.realClass(MapperWrapper.java:30)
	at com.thoughtworks.xstream.mapper.MapperWrapper.realClass(MapperWrapper.java:30)
	at com.thoughtworks.xstream.mapper.CachingMapper.realClass(CachingMapper.java:45)
	at com.thoughtworks.xstream.core.util.HierarchicalStreams.readClassType(HierarchicalStreams.java:29)
	at com.thoughtworks.xstream.core.TreeUnmarshaller.start(TreeUnmarshaller.java:133)
	at com.thoughtworks.xstream.core.AbstractTreeMarshallingStrategy.unmarshal(AbstractTreeMarshallingStrategy.java:32)
	at com.thoughtworks.xstream.XStream.unmarshal(XStream.java:1058)
	at com.thoughtworks.xstream.XStream.unmarshal(XStream.java:1042)
	at com.thoughtworks.xstream.XStream.fromXML(XStream.java:913)
	at repast.simphony.scenario.ObjectActionLoader.performLoad(ObjectActionLoader.java:33)
	at repast.simphony.scenario.AbstractActionLoader.loadAction(AbstractActionLoader.java:35)
	at repast.simphony.scenario.ScenarioFileLoader.createActions(ScenarioFileLoader.java:90)
	at repast.simphony.scenario.ScenarioFileLoader.load(ScenarioFileLoader.java:66)
	at repast.simphony.scenario.ScenarioLoader.load(ScenarioLoader.java:192)
	at repast.simphony.ui.RSApplication.open(RSApplication.java:355)
	at repast.simphony.ui.RSAppConfigurator.postWindowOpen(RSAppConfigurator.java:39)
	at saf.core.ui.GUICreatorDelegate.runDisplay(GUICreatorDelegate.java:188)
	at saf.core.ui.GUICreator$1.run(GUICreator.java:18)
	at simphony.util.ThreadUtilities$Runner.run(ThreadUtilities.java:33)
	at simphony.util.ThreadUtilities.runInEventThread(ThreadUtilities.java:47)
	at saf.core.ui.GUICreator.runDisplay(GUICreator.java:16)
	at repast.simphony.ui.RSUIPlugin$1.run(RSUIPlugin.java:104)
	at java.awt.event.InvocationEvent.dispatch(InvocationEvent.java:251)
	at java.awt.EventQueue.dispatchEventImpl(EventQueue.java:733)
	at java.awt.EventQueue.access$200(EventQueue.java:103)
	at java.awt.EventQueue$3.run(EventQueue.java:694)
	at java.awt.EventQueue$3.run(EventQueue.java:692)
	at java.security.AccessController.doPrivileged(Native Method)
	at java.security.ProtectionDomain$1.doIntersectionPrivilege(ProtectionDomain.java:76)
	at java.awt.EventQueue.dispatchEvent(EventQueue.java:703)
	at java.awt.EventDispatchThread.pumpOneEventForFilters(EventDispatchThread.java:242)
	at java.awt.EventDispatchThread.pumpEventsForFilter(EventDispatchThread.java:161)
	at java.awt.EventDispatchThread.pumpEventsForHierarchy(EventDispatchThread.java:150)
	at java.awt.EventDispatchThread.pumpEvents(EventDispatchThread.java:146)
	at java.awt.EventDispatchThread.pumpEvents(EventDispatchThread.java:138)
	at java.awt.EventDispatchThread.run(EventDispatchThread.java:91)
WARN  [AWT-EventQueue-0] 2014-12-18 13:39:02,437 repast.simphony.scenario.ObjectActionLoader - Error loading information from data. Continuing with model loading.
com.thoughtworks.xstream.mapper.CannotResolveClassException: repast.simphony.visualization.engine.CartesianDisplayDescriptor
	at com.thoughtworks.xstream.mapper.DefaultMapper.realClass(DefaultMapper.java:56)
	at com.thoughtworks.xstream.mapper.MapperWrapper.realClass(MapperWrapper.java:30)
	at com.thoughtworks.xstream.mapper.XStream11XmlFriendlyMapper.realClass(XStream11XmlFriendlyMapper.java:38)
	at com.thoughtworks.xstream.mapper.MapperWrapper.realClass(MapperWrapper.java:30)
	at com.thoughtworks.xstream.mapper.DynamicProxyMapper.realClass(DynamicProxyMapper.java:55)
	at com.thoughtworks.xstream.mapper.MapperWrapper.realClass(MapperWrapper.java:30)
	at com.thoughtworks.xstream.mapper.PackageAliasingMapper.realClass(PackageAliasingMapper.java:88)
	at com.thoughtworks.xstream.mapper.MapperWrapper.realClass(MapperWrapper.java:30)
	at com.thoughtworks.xstream.mapper.ClassAliasingMapper.realClass(ClassAliasingMapper.java:79)
	at com.thoughtworks.xstream.mapper.MapperWrapper.realClass(MapperWrapper.java:30)
	at com.thoughtworks.xstream.mapper.MapperWrapper.realClass(MapperWrapper.java:30)
	at com.thoughtworks.xstream.mapper.MapperWrapper.realClass(MapperWrapper.java:30)
	at com.thoughtworks.xstream.mapper.MapperWrapper.realClass(MapperWrapper.java:30)
	at com.thoughtworks.xstream.mapper.MapperWrapper.realClass(MapperWrapper.java:30)
	at com.thoughtworks.xstream.mapper.MapperWrapper.realClass(MapperWrapper.java:30)
	at com.thoughtworks.xstream.mapper.ArrayMapper.realClass(ArrayMapper.java:74)
	at com.thoughtworks.xstream.mapper.MapperWrapper.realClass(MapperWrapper.java:30)
	at com.thoughtworks.xstream.mapper.MapperWrapper.realClass(MapperWrapper.java:30)
	at com.thoughtworks.xstream.mapper.MapperWrapper.realClass(MapperWrapper.java:30)
	at com.thoughtworks.xstream.mapper.MapperWrapper.realClass(MapperWrapper.java:30)
	at com.thoughtworks.xstream.mapper.MapperWrapper.realClass(MapperWrapper.java:30)
	at com.thoughtworks.xstream.mapper.MapperWrapper.realClass(MapperWrapper.java:30)
	at com.thoughtworks.xstream.mapper.MapperWrapper.realClass(MapperWrapper.java:30)
	at com.thoughtworks.xstream.mapper.CachingMapper.realClass(CachingMapper.java:45)
	at com.thoughtworks.xstream.core.util.HierarchicalStreams.readClassType(HierarchicalStreams.java:29)
	at com.thoughtworks.xstream.core.TreeUnmarshaller.start(TreeUnmarshaller.java:133)
	at com.thoughtworks.xstream.core.AbstractTreeMarshallingStrategy.unmarshal(AbstractTreeMarshallingStrategy.java:32)
	at com.thoughtworks.xstream.XStream.unmarshal(XStream.java:1058)
	at com.thoughtworks.xstream.XStream.unmarshal(XStream.java:1042)
	at com.thoughtworks.xstream.XStream.fromXML(XStream.java:913)
	at repast.simphony.scenario.ObjectActionLoader.performLoad(ObjectActionLoader.java:33)
	at repast.simphony.scenario.AbstractActionLoader.loadAction(AbstractActionLoader.java:35)
	at repast.simphony.scenario.ScenarioFileLoader.createActions(ScenarioFileLoader.java:90)
	at repast.simphony.scenario.ScenarioFileLoader.load(ScenarioFileLoader.java:66)
	at repast.simphony.scenario.ScenarioLoader.load(ScenarioLoader.java:192)
	at repast.simphony.ui.RSApplication.open(RSApplication.java:355)
	at repast.simphony.ui.RSAppConfigurator.postWindowOpen(RSAppConfigurator.java:39)
	at saf.core.ui.GUICreatorDelegate.runDisplay(GUICreatorDelegate.java:188)
	at saf.core.ui.GUICreator$1.run(GUICreator.java:18)
	at simphony.util.ThreadUtilities$Runner.run(ThreadUtilities.java:33)
	at simphony.util.ThreadUtilities.runInEventThread(ThreadUtilities.java:47)
	at saf.core.ui.GUICreator.runDisplay(GUICreator.java:16)
	at repast.simphony.ui.RSUIPlugin$1.run(RSUIPlugin.java:104)
	at java.awt.event.InvocationEvent.dispatch(InvocationEvent.java:251)
	at java.awt.EventQueue.dispatchEventImpl(EventQueue.java:733)
	at java.awt.EventQueue.access$200(EventQueue.java:103)
	at java.awt.EventQueue$3.run(EventQueue.java:694)
	at java.awt.EventQueue$3.run(EventQueue.java:692)
	at java.security.AccessController.doPrivileged(Native Method)
	at java.security.ProtectionDomain$1.doIntersectionPrivilege(ProtectionDomain.java:76)
	at java.awt.EventQueue.dispatchEvent(EventQueue.java:703)
	at java.awt.EventDispatchThread.pumpOneEventForFilters(EventDispatchThread.java:242)
	at java.awt.EventDispatchThread.pumpEventsForFilter(EventDispatchThread.java:161)
	at java.awt.EventDispatchThread.pumpEventsForHierarchy(EventDispatchThread.java:150)
	at java.awt.EventDispatchThread.pumpEvents(EventDispatchThread.java:146)
	at java.awt.EventDispatchThread.pumpEvents(EventDispatchThread.java:138)
	at java.awt.EventDispatchThread.run(EventDispatchThread.java:91)
WARN  [AWT-EventQueue-0] 2014-12-18 13:39:02,445 repast.simphony.scenario.ObjectActionLoader - Error loading information from data. Continuing with model loading.
com.thoughtworks.xstream.mapper.CannotResolveClassException: repast.simphony.visualization.engine.CartesianDisplayDescriptor
	at com.thoughtworks.xstream.mapper.DefaultMapper.realClass(DefaultMapper.java:56)
	at com.thoughtworks.xstream.mapper.MapperWrapper.realClass(MapperWrapper.java:30)
	at com.thoughtworks.xstream.mapper.XStream11XmlFriendlyMapper.realClass(XStream11XmlFriendlyMapper.java:38)
	at com.thoughtworks.xstream.mapper.MapperWrapper.realClass(MapperWrapper.java:30)
	at com.thoughtworks.xstream.mapper.DynamicProxyMapper.realClass(DynamicProxyMapper.java:55)
	at com.thoughtworks.xstream.mapper.MapperWrapper.realClass(MapperWrapper.java:30)
	at com.thoughtworks.xstream.mapper.PackageAliasingMapper.realClass(PackageAliasingMapper.java:88)
	at com.thoughtworks.xstream.mapper.MapperWrapper.realClass(MapperWrapper.java:30)
	at com.thoughtworks.xstream.mapper.ClassAliasingMapper.realClass(ClassAliasingMapper.java:79)
	at com.thoughtworks.xstream.mapper.MapperWrapper.realClass(MapperWrapper.java:30)
	at com.thoughtworks.xstream.mapper.MapperWrapper.realClass(MapperWrapper.java:30)
	at com.thoughtworks.xstream.mapper.MapperWrapper.realClass(MapperWrapper.java:30)
	at com.thoughtworks.xstream.mapper.MapperWrapper.realClass(MapperWrapper.java:30)
	at com.thoughtworks.xstream.mapper.MapperWrapper.realClass(MapperWrapper.java:30)
	at com.thoughtworks.xstream.mapper.MapperWrapper.realClass(MapperWrapper.java:30)
	at com.thoughtworks.xstream.mapper.ArrayMapper.realClass(ArrayMapper.java:74)
	at com.thoughtworks.xstream.mapper.MapperWrapper.realClass(MapperWrapper.java:30)
	at com.thoughtworks.xstream.mapper.MapperWrapper.realClass(MapperWrapper.java:30)
	at com.thoughtworks.xstream.mapper.MapperWrapper.realClass(MapperWrapper.java:30)
	at com.thoughtworks.xstream.mapper.MapperWrapper.realClass(MapperWrapper.java:30)
	at com.thoughtworks.xstream.mapper.MapperWrapper.realClass(MapperWrapper.java:30)
	at com.thoughtworks.xstream.mapper.MapperWrapper.realClass(MapperWrapper.java:30)
	at com.thoughtworks.xstream.mapper.MapperWrapper.realClass(MapperWrapper.java:30)
	at com.thoughtworks.xstream.mapper.CachingMapper.realClass(CachingMapper.java:45)
	at com.thoughtworks.xstream.core.util.HierarchicalStreams.readClassType(HierarchicalStreams.java:29)
	at com.thoughtworks.xstream.core.TreeUnmarshaller.start(TreeUnmarshaller.java:133)
	at com.thoughtworks.xstream.core.AbstractTreeMarshallingStrategy.unmarshal(AbstractTreeMarshallingStrategy.java:32)
	at com.thoughtworks.xstream.XStream.unmarshal(XStream.java:1058)
	at com.thoughtworks.xstream.XStream.unmarshal(XStream.java:1042)
	at com.thoughtworks.xstream.XStream.fromXML(XStream.java:913)
	at repast.simphony.scenario.ObjectActionLoader.performLoad(ObjectActionLoader.java:33)
	at repast.simphony.scenario.AbstractActionLoader.loadAction(AbstractActionLoader.java:35)
	at repast.simphony.scenario.ScenarioFileLoader.createActions(ScenarioFileLoader.java:90)
	at repast.simphony.scenario.ScenarioFileLoader.load(ScenarioFileLoader.java:66)
	at repast.simphony.scenario.ScenarioLoader.load(ScenarioLoader.java:192)
	at repast.simphony.ui.RSApplication.open(RSApplication.java:355)
	at repast.simphony.ui.RSAppConfigurator.postWindowOpen(RSAppConfigurator.java:39)
	at saf.core.ui.GUICreatorDelegate.runDisplay(GUICreatorDelegate.java:188)
	at saf.core.ui.GUICreator$1.run(GUICreator.java:18)
	at simphony.util.ThreadUtilities$Runner.run(ThreadUtilities.java:33)
	at simphony.util.ThreadUtilities.runInEventThread(ThreadUtilities.java:47)
	at saf.core.ui.GUICreator.runDisplay(GUICreator.java:16)
	at repast.simphony.ui.RSUIPlugin$1.run(RSUIPlugin.java:104)
	at java.awt.event.InvocationEvent.dispatch(InvocationEvent.java:251)
	at java.awt.EventQueue.dispatchEventImpl(EventQueue.java:733)
	at java.awt.EventQueue.access$200(EventQueue.java:103)
	at java.awt.EventQueue$3.run(EventQueue.java:694)
	at java.awt.EventQueue$3.run(EventQueue.java:692)
	at java.security.AccessController.doPrivileged(Native Method)
	at java.security.ProtectionDomain$1.doIntersectionPrivilege(ProtectionDomain.java:76)
	at java.awt.EventQueue.dispatchEvent(EventQueue.java:703)
	at java.awt.EventDispatchThread.pumpOneEventForFilters(EventDispatchThread.java:242)
	at java.awt.EventDispatchThread.pumpEventsForFilter(EventDispatchThread.java:161)
	at java.awt.EventDispatchThread.pumpEventsForHierarchy(EventDispatchThread.java:150)
	at java.awt.EventDispatchThread.pumpEvents(EventDispatchThread.java:146)
	at java.awt.EventDispatchThread.pumpEvents(EventDispatchThread.java:138)
	at java.awt.EventDispatchThread.run(EventDispatchThread.java:91)
WARN  [AWT-EventQueue-0] 2014-12-18 13:39:02,453 repast.simphony.scenario.ObjectActionLoader - Error loading information from data. Continuing with model loading.
com.thoughtworks.xstream.mapper.CannotResolveClassException: repast.simphony.visualization.engine.CartesianDisplayDescriptor
	at com.thoughtworks.xstream.mapper.DefaultMapper.realClass(DefaultMapper.java:56)
	at com.thoughtworks.xstream.mapper.MapperWrapper.realClass(MapperWrapper.java:30)
	at com.thoughtworks.xstream.mapper.XStream11XmlFriendlyMapper.realClass(XStream11XmlFriendlyMapper.java:38)
	at com.thoughtworks.xstream.mapper.MapperWrapper.realClass(MapperWrapper.java:30)
	at com.thoughtworks.xstream.mapper.DynamicProxyMapper.realClass(DynamicProxyMapper.java:55)
	at com.thoughtworks.xstream.mapper.MapperWrapper.realClass(MapperWrapper.java:30)
	at com.thoughtworks.xstream.mapper.PackageAliasingMapper.realClass(PackageAliasingMapper.java:88)
	at com.thoughtworks.xstream.mapper.MapperWrapper.realClass(MapperWrapper.java:30)
	at com.thoughtworks.xstream.mapper.ClassAliasingMapper.realClass(ClassAliasingMapper.java:79)
	at com.thoughtworks.xstream.mapper.MapperWrapper.realClass(MapperWrapper.java:30)
	at com.thoughtworks.xstream.mapper.MapperWrapper.realClass(MapperWrapper.java:30)
	at com.thoughtworks.xstream.mapper.MapperWrapper.realClass(MapperWrapper.java:30)
	at com.thoughtworks.xstream.mapper.MapperWrapper.realClass(MapperWrapper.java:30)
	at com.thoughtworks.xstream.mapper.MapperWrapper.realClass(MapperWrapper.java:30)
	at com.thoughtworks.xstream.mapper.MapperWrapper.realClass(MapperWrapper.java:30)
	at com.thoughtworks.xstream.mapper.ArrayMapper.realClass(ArrayMapper.java:74)
	at com.thoughtworks.xstream.mapper.MapperWrapper.realClass(MapperWrapper.java:30)
	at com.thoughtworks.xstream.mapper.MapperWrapper.realClass(MapperWrapper.java:30)
	at com.thoughtworks.xstream.mapper.MapperWrapper.realClass(MapperWrapper.java:30)
	at com.thoughtworks.xstream.mapper.MapperWrapper.realClass(MapperWrapper.java:30)
	at com.thoughtworks.xstream.mapper.MapperWrapper.realClass(MapperWrapper.java:30)
	at com.thoughtworks.xstream.mapper.MapperWrapper.realClass(MapperWrapper.java:30)
	at com.thoughtworks.xstream.mapper.MapperWrapper.realClass(MapperWrapper.java:30)
	at com.thoughtworks.xstream.mapper.CachingMapper.realClass(CachingMapper.java:45)
	at com.thoughtworks.xstream.core.util.HierarchicalStreams.readClassType(HierarchicalStreams.java:29)
	at com.thoughtworks.xstream.core.TreeUnmarshaller.start(TreeUnmarshaller.java:133)
	at com.thoughtworks.xstream.core.AbstractTreeMarshallingStrategy.unmarshal(AbstractTreeMarshallingStrategy.java:32)
	at com.thoughtworks.xstream.XStream.unmarshal(XStream.java:1058)
	at com.thoughtworks.xstream.XStream.unmarshal(XStream.java:1042)
	at com.thoughtworks.xstream.XStream.fromXML(XStream.java:913)
	at repast.simphony.scenario.ObjectActionLoader.performLoad(ObjectActionLoader.java:33)
	at repast.simphony.scenario.AbstractActionLoader.loadAction(AbstractActionLoader.java:35)
	at repast.simphony.scenario.ScenarioFileLoader.createActions(ScenarioFileLoader.java:90)
	at repast.simphony.scenario.ScenarioFileLoader.load(ScenarioFileLoader.java:66)
	at repast.simphony.scenario.ScenarioLoader.load(ScenarioLoader.java:192)
	at repast.simphony.ui.RSApplication.open(RSApplication.java:355)
	at repast.simphony.ui.RSAppConfigurator.postWindowOpen(RSAppConfigurator.java:39)
	at saf.core.ui.GUICreatorDelegate.runDisplay(GUICreatorDelegate.java:188)
	at saf.core.ui.GUICreator$1.run(GUICreator.java:18)
	at simphony.util.ThreadUtilities$Runner.run(ThreadUtilities.java:33)
	at simphony.util.ThreadUtilities.runInEventThread(ThreadUtilities.java:47)
	at saf.core.ui.GUICreator.runDisplay(GUICreator.java:16)
	at repast.simphony.ui.RSUIPlugin$1.run(RSUIPlugin.java:104)
	at java.awt.event.InvocationEvent.dispatch(InvocationEvent.java:251)
	at java.awt.EventQueue.dispatchEventImpl(EventQueue.java:733)
	at java.awt.EventQueue.access$200(EventQueue.java:103)
	at java.awt.EventQueue$3.run(EventQueue.java:694)
	at java.awt.EventQueue$3.run(EventQueue.java:692)
	at java.security.AccessController.doPrivileged(Native Method)
	at java.security.ProtectionDomain$1.doIntersectionPrivilege(ProtectionDomain.java:76)
	at java.awt.EventQueue.dispatchEvent(EventQueue.java:703)
	at java.awt.EventDispatchThread.pumpOneEventForFilters(EventDispatchThread.java:242)
	at java.awt.EventDispatchThread.pumpEventsForFilter(EventDispatchThread.java:161)
	at java.awt.EventDispatchThread.pumpEventsForHierarchy(EventDispatchThread.java:150)
	at java.awt.EventDispatchThread.pumpEvents(EventDispatchThread.java:146)
	at java.awt.EventDispatchThread.pumpEvents(EventDispatchThread.java:138)
	at java.awt.EventDispatchThread.run(EventDispatchThread.java:91)
FATAL [Thread-7] 2014-12-18 16:04:19,162 repast.simphony.ui.GUIScheduleRunner - RunTimeException when running the schedule
Current tick (1.0)
java.lang.RuntimeException: java.lang.reflect.InvocationTargetException
	at repast.simphony.engine.schedule.DynamicTargetAction.execute(DynamicTargetAction.java:72)
	at repast.simphony.engine.controller.ScheduledMethodControllerAction$ScheduleMethodAllAction.execute(ScheduledMethodControllerAction.java:333)
	at repast.simphony.engine.schedule.DefaultAction.execute(DefaultAction.java:38)
	at repast.simphony.engine.schedule.ScheduleGroup.executeList(ScheduleGroup.java:205)
	at repast.simphony.engine.schedule.ScheduleGroup.execute(ScheduleGroup.java:231)
	at repast.simphony.engine.schedule.Schedule.execute(Schedule.java:352)
	at repast.simphony.ui.GUIScheduleRunner$ScheduleLoopRunnable.run(GUIScheduleRunner.java:52)
	at java.lang.Thread.run(Thread.java:744)
Caused by: java.lang.reflect.InvocationTargetException
	at iDAMS.Bene$$FastClassByCGLIB$$6e03173c.invoke(<generated>)
	at net.sf.cglib.reflect.FastMethod.invoke(FastMethod.java:53)
	at repast.simphony.engine.schedule.DynamicTargetAction.execute(DynamicTargetAction.java:69)
	... 7 more
Caused by: java.lang.ClassCastException: java.util.Collections$UnmodifiableCollection cannot be cast to java.util.Iterator
	at iDAMS.Bene.step(Bene.java:105)
	... 10 more
FATAL [Thread-7] 2014-12-18 16:07:31,935 repast.simphony.ui.GUIScheduleRunner - RunTimeException when running the schedule
Current tick (1.0)
java.lang.RuntimeException: java.lang.reflect.InvocationTargetException
	at repast.simphony.engine.schedule.DynamicTargetAction.execute(DynamicTargetAction.java:72)
	at repast.simphony.engine.controller.ScheduledMethodControllerAction$ScheduleMethodAllAction.execute(ScheduledMethodControllerAction.java:333)
	at repast.simphony.engine.schedule.DefaultAction.execute(DefaultAction.java:38)
	at repast.simphony.engine.schedule.ScheduleGroup.executeList(ScheduleGroup.java:205)
	at repast.simphony.engine.schedule.ScheduleGroup.execute(ScheduleGroup.java:231)
	at repast.simphony.engine.schedule.Schedule.execute(Schedule.java:352)
	at repast.simphony.ui.GUIScheduleRunner$ScheduleLoopRunnable.run(GUIScheduleRunner.java:52)
	at java.lang.Thread.run(Thread.java:744)
Caused by: java.lang.reflect.InvocationTargetException
	at iDAMS.Bene$$FastClassByCGLIB$$6e03173c.invoke(<generated>)
	at net.sf.cglib.reflect.FastMethod.invoke(FastMethod.java:53)
	at repast.simphony.engine.schedule.DynamicTargetAction.execute(DynamicTargetAction.java:69)
	... 7 more
Caused by: java.lang.ClassCastException: java.util.Collections$UnmodifiableCollection cannot be cast to java.util.Iterator
	at iDAMS.Bene.step(Bene.java:106)
	... 10 more
FATAL [Thread-7] 2014-12-18 16:09:15,127 repast.simphony.ui.GUIScheduleRunner - RunTimeException when running the schedule
Current tick (1.0)
java.lang.RuntimeException: java.lang.reflect.InvocationTargetException
	at repast.simphony.engine.schedule.DynamicTargetAction.execute(DynamicTargetAction.java:72)
	at repast.simphony.engine.controller.ScheduledMethodControllerAction$ScheduleMethodAllAction.execute(ScheduledMethodControllerAction.java:333)
	at repast.simphony.engine.schedule.DefaultAction.execute(DefaultAction.java:38)
	at repast.simphony.engine.schedule.ScheduleGroup.executeList(ScheduleGroup.java:205)
	at repast.simphony.engine.schedule.ScheduleGroup.execute(ScheduleGroup.java:231)
	at repast.simphony.engine.schedule.Schedule.execute(Schedule.java:352)
	at repast.simphony.ui.GUIScheduleRunner$ScheduleLoopRunnable.run(GUIScheduleRunner.java:52)
	at java.lang.Thread.run(Thread.java:744)
Caused by: java.lang.reflect.InvocationTargetException
	at iDAMS.Bene$$FastClassByCGLIB$$6e03173c.invoke(<generated>)
	at net.sf.cglib.reflect.FastMethod.invoke(FastMethod.java:53)
	at repast.simphony.engine.schedule.DynamicTargetAction.execute(DynamicTargetAction.java:69)
	... 7 more
Caused by: java.lang.ClassCastException: java.util.Collections$UnmodifiableCollection cannot be cast to java.util.Iterator
	at iDAMS.Bene.step(Bene.java:105)
	... 10 more
FATAL [Thread-7] 2014-12-18 16:15:45,047 repast.simphony.ui.GUIScheduleRunner - RunTimeException when running the schedule
Current tick (2.0)
java.lang.RuntimeException: java.lang.reflect.InvocationTargetException
	at repast.simphony.engine.schedule.DynamicTargetAction.execute(DynamicTargetAction.java:72)
	at repast.simphony.engine.controller.ScheduledMethodControllerAction$ScheduleMethodAllAction.execute(ScheduledMethodControllerAction.java:333)
	at repast.simphony.engine.schedule.DefaultAction.execute(DefaultAction.java:38)
	at repast.simphony.engine.schedule.ScheduleGroup.executeList(ScheduleGroup.java:205)
	at repast.simphony.engine.schedule.ScheduleGroup.execute(ScheduleGroup.java:231)
	at repast.simphony.engine.schedule.Schedule.execute(Schedule.java:352)
	at repast.simphony.ui.GUIScheduleRunner$ScheduleLoopRunnable.run(GUIScheduleRunner.java:52)
	at java.lang.Thread.run(Thread.java:744)
Caused by: java.lang.reflect.InvocationTargetException
	at iDAMS.Bene$$FastClassByCGLIB$$6e03173c.invoke(<generated>)
	at net.sf.cglib.reflect.FastMethod.invoke(FastMethod.java:53)
	at repast.simphony.engine.schedule.DynamicTargetAction.execute(DynamicTargetAction.java:69)
	... 7 more
Caused by: java.util.NoSuchElementException
	at java.util.ArrayList$Itr.next(ArrayList.java:834)
	at iDAMS.Bene.step(Bene.java:110)
	... 10 more
