#
# A fatal error has been detected by the Java Runtime Environment:
#
#  SIGSEGV (0xb) at pc=0x00007fff91f1fcf0, pid=53977, tid=51971
#
# JRE version: Java(TM) SE Runtime Environment (7.0_51-b13) (build 1.7.0_51-b13)
# Java VM: Java HotSpot(TM) 64-Bit Server VM (24.51-b03 mixed mode bsd-amd64 compressed oops)
# Problematic frame:
# C  [libFontRegistry.dylib+0x10cf0]  _ZN19TCFResurrectContext17StreamInTCFTypeIDEv+0x20
#
# Failed to write core dump. Core dumps have been disabled. To enable core dumping, try "ulimit -c unlimited" before starting Java again
#
# If you would like to submit a bug report, please visit:
#   http://bugreport.sun.com/bugreport/crash.jsp
# The crash happened outside the Java Virtual Machine in native code.
# See problematic frame for where to report the bug.
#

---------------  T H R E A D  ---------------

Current thread (0x00007fc39b35e000):  JavaThread "AWT-EventQueue-0" [_thread_in_native, id=51971, stack(0x0000000121b07000,0x0000000122507000)]

siginfo:si_signo=SIGSEGV: si_errno=0, si_code=1 (SEGV_MAPERR), si_addr=0x0000000119731000

Registers:
RAX=0x0000000000001000, RBX=0x00000001225035f8, RCX=0x0000000119731000, RDX=0x0000000119732000
RSP=0x00000001225035b0, RBP=0x00000001225035b0, RSI=0x0000000119731000, RDI=0x00000001225035f8
R8 =0x0000000000000003, R9 =0x0000000000000000, R10=0x0000000000000040, R11=0x0000000000000206
R12=0x0000000000001000, R13=0x00007fff7d584fd0, R14=0x0000000000000000, R15=0x00007fff91f53572
RIP=0x00007fff91f1fcf0, EFLAGS=0x0000000000010216, ERR=0x0000000000000004
  TRAPNO=0x000000000000000e

Top of Stack: (sp=0x00000001225035b0)
0x00000001225035b0:   00000001225035d0 00007fff91f117f0
0x00000001225035c0:   00007fc39ad20cc0 0000000119731000
0x00000001225035d0:   0000000122503a90 00007fff91f2f8f6
0x00000001225035e0:   0000000122503628 0000000122503620
0x00000001225035f0:   0000000000000000 00007fff7d580bf0
0x0000000122503600:   0000000119731000 0000000119732000
0x0000000122503610:   0000000000000000 0000000000000000
0x0000000122503620:   0000000000001000 0000000119731000
0x0000000122503630:   00007fff7d586600 00007fc39c883190
0x0000000122503640:   0000000000000001 0000000000000000
0x0000000122503650:   0000000000001000 00007fff7d585ad0
0x0000000122503660:   746e6f465443534e 7441737469617254
0x0000000122503670:   0065747562697274 0000000000000000
0x0000000122503680:   0000000000000000 0000000000000000
0x0000000122503690:   0000000000000000 0000000000000000
0x00000001225036a0:   0000000000000000 0000000000000000
0x00000001225036b0:   0000000000000000 0000000000000000
0x00000001225036c0:   0000000000000000 0000000000000000
0x00000001225036d0:   0000000000000000 0000000000000000
0x00000001225036e0:   0000000000000000 0000000000000000
0x00000001225036f0:   0000000000000000 0000000000000000
0x0000000122503700:   0000000000000000 0000000000000000
0x0000000122503710:   0000000000000000 0000000000000000
0x0000000122503720:   0000000000000000 0000000000000000
0x0000000122503730:   0000000000000000 0000000000000000
0x0000000122503740:   0000000000000000 0000000000000000
0x0000000122503750:   0000000000000000 0000000000000000
0x0000000122503760:   0000000000000000 0000000000000000
0x0000000122503770:   0000000000000000 0000000000000000
0x0000000122503780:   0000000000000000 0000000000000000
0x0000000122503790:   0000000000000000 0000000000000000
0x00000001225037a0:   0000000000000000 0000000000000000 

Instructions: (pc=0x00007fff91f1fcf0)
0x00007fff91f1fcd0:   55 48 89 e5 80 7f 18 00 75 24 48 8b 4f 08 48 85
0x00007fff91f1fce0:   c9 74 1b 48 8b 47 10 48 29 c8 48 83 f8 04 72 0e
0x00007fff91f1fcf0:   8b 01 48 83 c1 04 48 89 4f 08 0f c8 5d c3 48 8b
0x00007fff91f1fd00:   07 48 8d 35 6a 29 03 00 ff 50 10 b8 9f 86 01 00 

Register to memory mapping:

RAX=0x0000000000001000 is an unknown value
RBX=0x00000001225035f8 is pointing into the stack for thread: 0x00007fc39b35e000
RCX=0x0000000119731000 is an unknown value
RDX=0x0000000119732000 is an unknown value
RSP=0x00000001225035b0 is pointing into the stack for thread: 0x00007fc39b35e000
RBP=0x00000001225035b0 is pointing into the stack for thread: 0x00007fc39b35e000
RSI=0x0000000119731000 is an unknown value
RDI=0x00000001225035f8 is pointing into the stack for thread: 0x00007fc39b35e000
R8 =0x0000000000000003 is an unknown value
R9 =0x0000000000000000 is an unknown value
R10=0x0000000000000040 is an unknown value
R11=0x0000000000000206 is an unknown value
R12=0x0000000000001000 is an unknown value
R13=0x00007fff7d584fd0: _ZTI14TFontPathIndex+0x23e0 in /System/Library/Frameworks/ApplicationServices.framework/Versions/A/Frameworks/ATS.framework/Versions/A/Resources/libFontRegistry.dylib at 0x00007fff91f0f000
R14=0x0000000000000000 is an unknown value
R15=0x00007fff91f53572: GCC_except_table34+0xf46 in /System/Library/Frameworks/ApplicationServices.framework/Versions/A/Frameworks/ATS.framework/Versions/A/Resources/libFontRegistry.dylib at 0x00007fff91f0f000


Stack: [0x0000000121b07000,0x0000000122507000],  sp=0x00000001225035b0,  free space=10225k
Native frames: (J=compiled Java code, j=interpreted, Vv=VM code, C=native code)
C  [libFontRegistry.dylib+0x10cf0]  _ZN19TCFResurrectContext17StreamInTCFTypeIDEv+0x20
C  [libFontRegistry.dylib+0x27f0]  _ZN19TCFResurrectContext9ResurrectEv+0x20
C  [libFontRegistry.dylib+0x208f6]  _ZNK22TGlobalFontRegistryImp20CopyPropertyForFontsEPK9__CFArrayPK10__CFStringRK17TFontQueryOptions+0x19e
C  [libFontRegistry.dylib+0x316f]  XTCopyPropertyForFonts+0x73
C  [CoreText+0x17817]  _ZNK9TBaseFont29CreateTraitsValuesPerFontInfoEv+0x8f
C  [CoreText+0x1768f]  _ZNK9TBaseFont18CopyTraitsInternalEv+0x57
C  [CoreText+0x1721d]  _ZNK9TBaseFont13CopyAttributeEm+0x1ed
C  [CoreText+0x5291]  _ZNK11TDescriptor13CopyAttributeEPK10__CFString+0xaf
C  [CoreText+0x51bf]  CTFontDescriptorCopyAttribute+0x63
C  [AppKit+0x954df]  -[NSFontManager availableMembersOfFontFamily:]+0x28b
C  [liblwawt.dylib+0x151b7]  Java_sun_font_CFontManager_loadNativeFonts+0x16e
j  sun.font.CFontManager.loadNativeFonts()V+0
j  sun.font.CFontManager.access$000(Lsun/font/CFontManager;)V+1
j  sun.font.CFontManager$4.run()Ljava/lang/Object;+4
v  ~StubRoutines::call_stub
V  [libjvm.dylib+0x2d6bb0]
V  [libjvm.dylib+0x2d6980]
V  [libjvm.dylib+0x32a264]
J  java.security.AccessController.doPrivileged(Ljava/security/PrivilegedAction;)Ljava/lang/Object;
j  sun.font.CFontManager.loadFonts()V+19
j  sun.font.SunFontManager.findFont2D(Ljava/lang/String;II)Lsun/font/Font2D;+933
j  java.awt.Font.getFont2D()Lsun/font/Font2D;+86
j  java.awt.Font.access$000(Ljava/awt/Font;)Lsun/font/Font2D;+1
j  java.awt.Font$FontAccessImpl.getFont2D(Ljava/awt/Font;)Lsun/font/Font2D;+1
j  sun.font.FontUtilities.getFont2D(Ljava/awt/Font;)Lsun/font/Font2D;+4
j  sun.font.FontDesignMetrics.initMatrixAndMetrics()V+4
j  sun.font.FontDesignMetrics.<init>(Ljava/awt/Font;Ljava/awt/font/FontRenderContext;)V+62
j  sun.font.FontDesignMetrics.getMetrics(Ljava/awt/Font;Ljava/awt/font/FontRenderContext;)Lsun/font/FontDesignMetrics;+129
j  sun.swing.SwingUtilities2.getFontMetrics(Ljavax/swing/JComponent;Ljava/awt/Font;)Ljava/awt/FontMetrics;+15
j  javax.swing.JComponent.getFontMetrics(Ljava/awt/Font;)Ljava/awt/FontMetrics;+2
j  javax.swing.plaf.basic.BasicLabelUI.getPreferredSize(Ljavax/swing/JComponent;)Ljava/awt/Dimension;+144
j  javax.swing.JComponent.getPreferredSize()Ljava/awt/Dimension;+26
j  javax.swing.tree.DefaultTreeCellRenderer.getPreferredSize()Ljava/awt/Dimension;+1
j  javax.swing.plaf.basic.BasicTreeUI$NodeDimensionsHandler.getNodeDimensions(Ljava/lang/Object;IIZLjava/awt/Rectangle;)Ljava/awt/Rectangle;+222
j  javax.swing.tree.AbstractLayoutCache.getNodeDimensions(Ljava/lang/Object;IIZLjava/awt/Rectangle;)Ljava/awt/Rectangle;+20
j  javax.swing.tree.VariableHeightLayoutCache$TreeStateNode.updatePreferredSize(I)V+24
j  javax.swing.tree.VariableHeightLayoutCache.rebuild(Z)V+65
j  javax.swing.tree.VariableHeightLayoutCache.setModel(Ljavax/swing/tree/TreeModel;)V+7
j  javax.swing.plaf.basic.BasicTreeUI.setModel(Ljavax/swing/tree/TreeModel;)V+75
j  javax.swing.plaf.basic.BasicTreeUI$Handler.propertyChange(Ljava/beans/PropertyChangeEvent;)V+193
j  javax.swing.plaf.basic.BasicTreeUI$PropertyChangeHandler.propertyChange(Ljava/beans/PropertyChangeEvent;)V+8
j  com.apple.laf.AquaTreeUI$MacPropertyChangeHandler.propertyChange(Ljava/beans/PropertyChangeEvent;)V+45
j  java.beans.PropertyChangeSupport.fire([Ljava/beans/PropertyChangeListener;Ljava/beans/PropertyChangeEvent;)V+27
j  java.beans.PropertyChangeSupport.firePropertyChange(Ljava/beans/PropertyChangeEvent;)V+71
j  java.beans.PropertyChangeSupport.firePropertyChange(Ljava/lang/String;Ljava/lang/Object;Ljava/lang/Object;)V+31
j  java.awt.Component.firePropertyChange(Ljava/lang/String;Ljava/lang/Object;Ljava/lang/Object;)V+55
j  javax.swing.JTree.setModel(Ljavax/swing/tree/TreeModel;)V+202
j  javax.swing.JTree.<init>(Ljavax/swing/tree/TreeModel;)V+117
j  repast.simphony.ui.tree.ScenarioTree.<init>(Lrepast/simphony/ui/plugin/UIActionExtensions;)V+26
j  repast.simphony.ui.RSApplication.<init>(Lrepast/simphony/ui/plugin/UIActionExtensions;Lrepast/simphony/plugin/ModelPluginLoader;)V+59
j  repast.simphony.ui.RSUIPlugin$1.run()V+71
j  java.awt.event.InvocationEvent.dispatch()V+47
j  java.awt.EventQueue.dispatchEventImpl(Ljava/awt/AWTEvent;Ljava/lang/Object;)V+21
j  java.awt.EventQueue.access$200(Ljava/awt/EventQueue;Ljava/awt/AWTEvent;Ljava/lang/Object;)V+3
j  java.awt.EventQueue$3.run()Ljava/lang/Void;+12
j  java.awt.EventQueue$3.run()Ljava/lang/Object;+1
v  ~StubRoutines::call_stub
V  [libjvm.dylib+0x2d6bb0]
V  [libjvm.dylib+0x2d6980]
V  [libjvm.dylib+0x32a264]
j  java.security.AccessController.doPrivileged(Ljava/security/PrivilegedAction;Ljava/security/AccessControlContext;)Ljava/lang/Object;+0
j  java.security.ProtectionDomain$1.doIntersectionPrivilege(Ljava/security/PrivilegedAction;Ljava/security/AccessControlContext;Ljava/security/AccessControlContext;)Ljava/lang/Object;+28
j  java.awt.EventQueue.dispatchEvent(Ljava/awt/AWTEvent;)V+46
j  java.awt.EventDispatchThread.pumpOneEventForFilters(I)V+245
j  java.awt.EventDispatchThread.pumpEventsForFilter(ILjava/awt/Conditional;Ljava/awt/EventFilter;)V+35
j  java.awt.EventDispatchThread.pumpEventsForHierarchy(ILjava/awt/Conditional;Ljava/awt/Component;)V+11
j  java.awt.EventDispatchThread.pumpEvents(ILjava/awt/Conditional;)V+4
j  java.awt.EventDispatchThread.pumpEvents(Ljava/awt/Conditional;)V+3
j  java.awt.EventDispatchThread.run()V+9
v  ~StubRoutines::call_stub
V  [libjvm.dylib+0x2d6bb0]
V  [libjvm.dylib+0x2d70c7]
V  [libjvm.dylib+0x2d7204]
V  [libjvm.dylib+0x3261ea]
V  [libjvm.dylib+0x4efb57]
V  [libjvm.dylib+0x4f125f]
V  [libjvm.dylib+0x41b1d6]
C  [libsystem_pthread.dylib+0x1899]  _pthread_body+0x8a
C  [libsystem_pthread.dylib+0x172a]  _pthread_struct_init+0x0
C  [libsystem_pthread.dylib+0x5fc9]  thread_start+0xd

Java frames: (J=compiled Java code, j=interpreted, Vv=VM code)
j  sun.font.CFontManager.loadNativeFonts()V+0
j  sun.font.CFontManager.access$000(Lsun/font/CFontManager;)V+1
j  sun.font.CFontManager$4.run()Ljava/lang/Object;+4
v  ~StubRoutines::call_stub
J  java.security.AccessController.doPrivileged(Ljava/security/PrivilegedAction;)Ljava/lang/Object;
j  sun.font.CFontManager.loadFonts()V+19
j  sun.font.SunFontManager.findFont2D(Ljava/lang/String;II)Lsun/font/Font2D;+933
j  java.awt.Font.getFont2D()Lsun/font/Font2D;+86
j  java.awt.Font.access$000(Ljava/awt/Font;)Lsun/font/Font2D;+1
j  java.awt.Font$FontAccessImpl.getFont2D(Ljava/awt/Font;)Lsun/font/Font2D;+1
j  sun.font.FontUtilities.getFont2D(Ljava/awt/Font;)Lsun/font/Font2D;+4
j  sun.font.FontDesignMetrics.initMatrixAndMetrics()V+4
j  sun.font.FontDesignMetrics.<init>(Ljava/awt/Font;Ljava/awt/font/FontRenderContext;)V+62
j  sun.font.FontDesignMetrics.getMetrics(Ljava/awt/Font;Ljava/awt/font/FontRenderContext;)Lsun/font/FontDesignMetrics;+129
j  sun.swing.SwingUtilities2.getFontMetrics(Ljavax/swing/JComponent;Ljava/awt/Font;)Ljava/awt/FontMetrics;+15
j  javax.swing.JComponent.getFontMetrics(Ljava/awt/Font;)Ljava/awt/FontMetrics;+2
j  javax.swing.plaf.basic.BasicLabelUI.getPreferredSize(Ljavax/swing/JComponent;)Ljava/awt/Dimension;+144
j  javax.swing.JComponent.getPreferredSize()Ljava/awt/Dimension;+26
j  javax.swing.tree.DefaultTreeCellRenderer.getPreferredSize()Ljava/awt/Dimension;+1
j  javax.swing.plaf.basic.BasicTreeUI$NodeDimensionsHandler.getNodeDimensions(Ljava/lang/Object;IIZLjava/awt/Rectangle;)Ljava/awt/Rectangle;+222
j  javax.swing.tree.AbstractLayoutCache.getNodeDimensions(Ljava/lang/Object;IIZLjava/awt/Rectangle;)Ljava/awt/Rectangle;+20
j  javax.swing.tree.VariableHeightLayoutCache$TreeStateNode.updatePreferredSize(I)V+24
j  javax.swing.tree.VariableHeightLayoutCache.rebuild(Z)V+65
j  javax.swing.tree.VariableHeightLayoutCache.setModel(Ljavax/swing/tree/TreeModel;)V+7
j  javax.swing.plaf.basic.BasicTreeUI.setModel(Ljavax/swing/tree/TreeModel;)V+75
j  javax.swing.plaf.basic.BasicTreeUI$Handler.propertyChange(Ljava/beans/PropertyChangeEvent;)V+193
j  javax.swing.plaf.basic.BasicTreeUI$PropertyChangeHandler.propertyChange(Ljava/beans/PropertyChangeEvent;)V+8
j  com.apple.laf.AquaTreeUI$MacPropertyChangeHandler.propertyChange(Ljava/beans/PropertyChangeEvent;)V+45
j  java.beans.PropertyChangeSupport.fire([Ljava/beans/PropertyChangeListener;Ljava/beans/PropertyChangeEvent;)V+27
j  java.beans.PropertyChangeSupport.firePropertyChange(Ljava/beans/PropertyChangeEvent;)V+71
j  java.beans.PropertyChangeSupport.firePropertyChange(Ljava/lang/String;Ljava/lang/Object;Ljava/lang/Object;)V+31
j  java.awt.Component.firePropertyChange(Ljava/lang/String;Ljava/lang/Object;Ljava/lang/Object;)V+55
j  javax.swing.JTree.setModel(Ljavax/swing/tree/TreeModel;)V+202
j  javax.swing.JTree.<init>(Ljavax/swing/tree/TreeModel;)V+117
j  repast.simphony.ui.tree.ScenarioTree.<init>(Lrepast/simphony/ui/plugin/UIActionExtensions;)V+26
j  repast.simphony.ui.RSApplication.<init>(Lrepast/simphony/ui/plugin/UIActionExtensions;Lrepast/simphony/plugin/ModelPluginLoader;)V+59
j  repast.simphony.ui.RSUIPlugin$1.run()V+71
j  java.awt.event.InvocationEvent.dispatch()V+47
j  java.awt.EventQueue.dispatchEventImpl(Ljava/awt/AWTEvent;Ljava/lang/Object;)V+21
j  java.awt.EventQueue.access$200(Ljava/awt/EventQueue;Ljava/awt/AWTEvent;Ljava/lang/Object;)V+3
j  java.awt.EventQueue$3.run()Ljava/lang/Void;+12
j  java.awt.EventQueue$3.run()Ljava/lang/Object;+1
v  ~StubRoutines::call_stub
j  java.security.AccessController.doPrivileged(Ljava/security/PrivilegedAction;Ljava/security/AccessControlContext;)Ljava/lang/Object;+0
j  java.security.ProtectionDomain$1.doIntersectionPrivilege(Ljava/security/PrivilegedAction;Ljava/security/AccessControlContext;Ljava/security/AccessControlContext;)Ljava/lang/Object;+28
j  java.awt.EventQueue.dispatchEvent(Ljava/awt/AWTEvent;)V+46
j  java.awt.EventDispatchThread.pumpOneEventForFilters(I)V+245
j  java.awt.EventDispatchThread.pumpEventsForFilter(ILjava/awt/Conditional;Ljava/awt/EventFilter;)V+35
j  java.awt.EventDispatchThread.pumpEventsForHierarchy(ILjava/awt/Conditional;Ljava/awt/Component;)V+11
j  java.awt.EventDispatchThread.pumpEvents(ILjava/awt/Conditional;)V+4
j  java.awt.EventDispatchThread.pumpEvents(Ljava/awt/Conditional;)V+3
j  java.awt.EventDispatchThread.run()V+9
v  ~StubRoutines::call_stub

---------------  P R O C E S S  ---------------

Java Threads: ( => current thread )
  0x00007fc39da8b000 JavaThread "DestroyJavaVM" [_thread_blocked, id=6403, stack(0x000000010f454000,0x000000010fe54000)]
  0x00007fc39b7f5800 JavaThread "Timer-0" daemon [_thread_blocked, id=52995, stack(0x0000000122f0d000,0x000000012390d000)]
  0x00007fc39bb19800 JavaThread "TimerQueue" daemon [_thread_blocked, id=52483, stack(0x000000012250a000,0x0000000122f0a000)]
=>0x00007fc39b35e000 JavaThread "AWT-EventQueue-0" [_thread_in_native, id=51971, stack(0x0000000121b07000,0x0000000122507000)]
  0x00007fc39d900000 JavaThread "Java2D Disposer" daemon [_thread_blocked, id=51251, stack(0x0000000120e27000,0x0000000121827000)]
  0x00007fc39bae4800 JavaThread "Java2D Queue Flusher" daemon [_thread_blocked, id=49175, stack(0x000000011f79f000,0x000000012019f000)]
  0x00007fc39d23a800 JavaThread "Image Fetcher 0" daemon [_thread_blocked, id=48647, stack(0x000000011ed9c000,0x000000011f79c000)]
  0x00007fc39d1ee000 JavaThread "AWT-Shutdown" [_thread_blocked, id=29963, stack(0x000000011be7c000,0x000000011c87c000)]
  0x00007fc39d8cf000 JavaThread "AppKit Thread" daemon [_thread_in_native, id=3335, stack(0x00007fff523aa000,0x00007fff5242a000)]
  0x00007fc39d017800 JavaThread "Service Thread" daemon [_thread_blocked, id=21251, stack(0x00000001189af000,0x00000001193af000)]
  0x00007fc39d016800 JavaThread "C2 CompilerThread1" daemon [_thread_blocked, id=20739, stack(0x00000001188ac000,0x00000001189ac000)]
  0x00007fc39d015000 JavaThread "C2 CompilerThread0" daemon [_thread_blocked, id=20227, stack(0x00000001187a9000,0x00000001188a9000)]
  0x00007fc39d00d800 JavaThread "Signal Dispatcher" daemon [_thread_blocked, id=19715, stack(0x0000000117da6000,0x00000001187a6000)]
  0x00007fc39d003800 JavaThread "Finalizer" daemon [_thread_blocked, id=14595, stack(0x0000000117257000,0x0000000117c57000)]
  0x00007fc39d001000 JavaThread "Reference Handler" daemon [_thread_blocked, id=14083, stack(0x0000000116854000,0x0000000117254000)]

Other Threads:
  0x00007fc39e00a800 VMThread [stack: 0x0000000116751000,0x0000000116851000] [id=13571]
  0x00007fc39d00e800 WatcherThread [stack: 0x00000001193b2000,0x00000001194b2000] [id=21763]

VM state:not at safepoint (normal execution)

VM Mutex/Monitor currently owned by a thread: None

Heap
 PSYoungGen      total 120320K, used 117506K [0x00000007f7a80000, 0x0000000800000000, 0x0000000800000000)
  eden space 114688K, 97% used [0x00000007f7a80000,0x00000007fe7c3f88,0x00000007fea80000)
  from space 5632K, 99% used [0x00000007fea80000,0x00000007feffcb78,0x00000007ff000000)
  to   space 7680K, 0% used [0x00000007ff880000,0x00000007ff880000,0x0000000800000000)
 ParOldGen       total 174592K, used 2288K [0x00000007e7000000, 0x00000007f1a80000, 0x00000007f7a80000)
  object space 174592K, 1% used [0x00000007e7000000,0x00000007e723c220,0x00000007f1a80000)
 PSPermGen       total 21504K, used 18135K [0x00000007e1e00000, 0x00000007e3300000, 0x00000007e7000000)
  object space 21504K, 84% used [0x00000007e1e00000,0x00000007e2fb5da0,0x00000007e3300000)

Card table byte_map: [0x0000000112e56000,0x0000000112f48000] byte_map_base: 0x000000010ef47000

Polling page: 0x000000010d927000

Code Cache  [0x000000010fe56000, 0x00000001100c6000, 0x0000000112e56000)
 total_blobs=801 nmethods=356 adapters=399 free_code_cache=47658Kb largest_free_block=48753792

Compilation events (10 events):
Event: 3.477 Thread 0x00007fc39d016800 nmethod 353 0x000000010ffc5990 code [0x000000010ffc5da0, 0x000000010ffc8710]
Event: 3.479 Thread 0x00007fc39d015000 nmethod 359 0x000000010ffb9c90 code [0x000000010ffb9de0, 0x000000010ffba1b8]
Event: 3.481 Thread 0x00007fc39d016800  360   !         com.sun.imageio.plugins.gif.GIFImageReader::read (821 bytes)
Event: 3.487 Thread 0x00007fc39d015000  361   !         java.lang.StringCoding::encode (120 bytes)
Event: 3.496 Thread 0x00007fc39d015000 nmethod 361 0x000000010ffba850 code [0x000000010ffbaa60, 0x000000010ffbb420]
Event: 3.496 Thread 0x00007fc39d015000  362   !         sun.misc.URLClassPath$FileLoader::getResource (164 bytes)
Event: 3.511 Thread 0x00007fc39d015000 nmethod 362 0x000000010ffcb210 code [0x000000010ffcb480, 0x000000010ffcc160]
Event: 3.532 Thread 0x00007fc39d016800 nmethod 360 0x000000010ffd21d0 code [0x000000010ffd25e0, 0x000000010ffd4ee0]
Event: 3.560 Thread 0x00007fc39d015000  363             java.util.HashSet::contains (9 bytes)
Event: 3.563 Thread 0x00007fc39d015000 nmethod 363 0x000000010ffcab50 code [0x000000010ffcacc0, 0x000000010ffcaf48]

GC Heap History (10 events):
Event: 2.243 GC heap before
{Heap before GC invocations=3 (full 0):
 PSYoungGen      total 76800K, used 67879K [0x00000007f7a80000, 0x00000007fd000000, 0x0000000800000000)
  eden space 66048K, 100% used [0x00000007f7a80000,0x00000007fbb00000,0x00000007fbb00000)
  from space 10752K, 17% used [0x00000007fc580000,0x00000007fc749ca8,0x00000007fd000000)
  to   space 10752K, 0% used [0x00000007fbb00000,0x00000007fbb00000,0x00000007fc580000)
 ParOldGen       total 174592K, used 144K [0x00000007e7000000, 0x00000007f1a80000, 0x00000007f7a80000)
  object space 174592K, 0% used [0x00000007e7000000,0x00000007e7024020,0x00000007f1a80000)
 PSPermGen       total 21504K, used 8576K [0x00000007e1e00000, 0x00000007e3300000, 0x00000007e7000000)
  object space 21504K, 39% used [0x00000007e1e00000,0x00000007e2660298,0x00000007e3300000)
Event: 2.246 GC heap after
Heap after GC invocations=3 (full 0):
 PSYoungGen      total 76800K, used 2247K [0x00000007f7a80000, 0x00000007fd000000, 0x0000000800000000)
  eden space 66048K, 0% used [0x00000007f7a80000,0x00000007f7a80000,0x00000007fbb00000)
  from space 10752K, 20% used [0x00000007fbb00000,0x00000007fbd31ca8,0x00000007fc580000)
  to   space 10752K, 0% used [0x00000007fc580000,0x00000007fc580000,0x00000007fd000000)
 ParOldGen       total 174592K, used 152K [0x00000007e7000000, 0x00000007f1a80000, 0x00000007f7a80000)
  object space 174592K, 0% used [0x00000007e7000000,0x00000007e7026020,0x00000007f1a80000)
 PSPermGen       total 21504K, used 8576K [0x00000007e1e00000, 0x00000007e3300000, 0x00000007e7000000)
  object space 21504K, 39% used [0x00000007e1e00000,0x00000007e2660298,0x00000007e3300000)
}
Event: 2.505 GC heap before
{Heap before GC invocations=4 (full 0):
 PSYoungGen      total 76800K, used 68295K [0x00000007f7a80000, 0x00000007fd000000, 0x0000000800000000)
  eden space 66048K, 100% used [0x00000007f7a80000,0x00000007fbb00000,0x00000007fbb00000)
  from space 10752K, 20% used [0x00000007fbb00000,0x00000007fbd31ca8,0x00000007fc580000)
  to   space 10752K, 0% used [0x00000007fc580000,0x00000007fc580000,0x00000007fd000000)
 ParOldGen       total 174592K, used 152K [0x00000007e7000000, 0x00000007f1a80000, 0x00000007f7a80000)
  object space 174592K, 0% used [0x00000007e7000000,0x00000007e7026020,0x00000007f1a80000)
 PSPermGen       total 21504K, used 11655K [0x00000007e1e00000, 0x00000007e3300000, 0x00000007e7000000)
  object space 21504K, 54% used [0x00000007e1e00000,0x00000007e2961fc8,0x00000007e3300000)
Event: 2.511 GC heap after
Heap after GC invocations=4 (full 0):
 PSYoungGen      total 76800K, used 3881K [0x00000007f7a80000, 0x00000007fd000000, 0x0000000800000000)
  eden space 66048K, 0% used [0x00000007f7a80000,0x00000007f7a80000,0x00000007fbb00000)
  from space 10752K, 36% used [0x00000007fc580000,0x00000007fc94a448,0x00000007fd000000)
  to   space 10752K, 0% used [0x00000007fbb00000,0x00000007fbb00000,0x00000007fc580000)
 ParOldGen       total 174592K, used 160K [0x00000007e7000000, 0x00000007f1a80000, 0x00000007f7a80000)
  object space 174592K, 0% used [0x00000007e7000000,0x00000007e7028020,0x00000007f1a80000)
 PSPermGen       total 21504K, used 11655K [0x00000007e1e00000, 0x00000007e3300000, 0x00000007e7000000)
  object space 21504K, 54% used [0x00000007e1e00000,0x00000007e2961fc8,0x00000007e3300000)
}
Event: 2.727 GC heap before
{Heap before GC invocations=5 (full 0):
 PSYoungGen      total 76800K, used 69929K [0x00000007f7a80000, 0x00000007fd000000, 0x0000000800000000)
  eden space 66048K, 100% used [0x00000007f7a80000,0x00000007fbb00000,0x00000007fbb00000)
  from space 10752K, 36% used [0x00000007fc580000,0x00000007fc94a448,0x00000007fd000000)
  to   space 10752K, 0% used [0x00000007fbb00000,0x00000007fbb00000,0x00000007fc580000)
 ParOldGen       total 174592K, used 160K [0x00000007e7000000, 0x00000007f1a80000, 0x00000007f7a80000)
  object space 174592K, 0% used [0x00000007e7000000,0x00000007e7028020,0x00000007f1a80000)
 PSPermGen       total 21504K, used 12446K [0x00000007e1e00000, 0x00000007e3300000, 0x00000007e7000000)
  object space 21504K, 57% used [0x00000007e1e00000,0x00000007e2a27930,0x00000007e3300000)
Event: 2.733 GC heap after
Heap after GC invocations=5 (full 0):
 PSYoungGen      total 76800K, used 3664K [0x00000007f7a80000, 0x00000007ff500000, 0x0000000800000000)
  eden space 66048K, 0% used [0x00000007f7a80000,0x00000007f7a80000,0x00000007fbb00000)
  from space 10752K, 34% used [0x00000007fbb00000,0x00000007fbe94030,0x00000007fc580000)
  to   space 5120K, 0% used [0x00000007ff000000,0x00000007ff000000,0x00000007ff500000)
 ParOldGen       total 174592K, used 168K [0x00000007e7000000, 0x00000007f1a80000, 0x00000007f7a80000)
  object space 174592K, 0% used [0x00000007e7000000,0x00000007e702a020,0x00000007f1a80000)
 PSPermGen       total 21504K, used 12446K [0x00000007e1e00000, 0x00000007e3300000, 0x00000007e7000000)
  object space 21504K, 57% used [0x00000007e1e00000,0x00000007e2a27930,0x00000007e3300000)
}
Event: 2.921 GC heap before
{Heap before GC invocations=6 (full 0):
 PSYoungGen      total 76800K, used 69712K [0x00000007f7a80000, 0x00000007ff500000, 0x0000000800000000)
  eden space 66048K, 100% used [0x00000007f7a80000,0x00000007fbb00000,0x00000007fbb00000)
  from space 10752K, 34% used [0x00000007fbb00000,0x00000007fbe94030,0x00000007fc580000)
  to   space 5120K, 0% used [0x00000007ff000000,0x00000007ff000000,0x00000007ff500000)
 ParOldGen       total 174592K, used 168K [0x00000007e7000000, 0x00000007f1a80000, 0x00000007f7a80000)
  object space 174592K, 0% used [0x00000007e7000000,0x00000007e702a020,0x00000007f1a80000)
 PSPermGen       total 21504K, used 13976K [0x00000007e1e00000, 0x00000007e3300000, 0x00000007e7000000)
  object space 21504K, 64% used [0x00000007e1e00000,0x00000007e2ba63b0,0x00000007e3300000)
Event: 2.927 GC heap after
Heap after GC invocations=6 (full 0):
 PSYoungGen      total 119808K, used 4305K [0x00000007f7a80000, 0x00000007ffb80000, 0x0000000800000000)
  eden space 114688K, 0% used [0x00000007f7a80000,0x00000007f7a80000,0x00000007fea80000)
  from space 5120K, 84% used [0x00000007ff000000,0x00000007ff4346b8,0x00000007ff500000)
  to   space 5632K, 0% used [0x00000007fea80000,0x00000007fea80000,0x00000007ff000000)
 ParOldGen       total 174592K, used 176K [0x00000007e7000000, 0x00000007f1a80000, 0x00000007f7a80000)
  object space 174592K, 0% used [0x00000007e7000000,0x00000007e702c020,0x00000007f1a80000)
 PSPermGen       total 21504K, used 13976K [0x00000007e1e00000, 0x00000007e3300000, 0x00000007e7000000)
  object space 21504K, 64% used [0x00000007e1e00000,0x00000007e2ba63b0,0x00000007e3300000)
}
Event: 3.280 GC heap before
{Heap before GC invocations=7 (full 0):
 PSYoungGen      total 119808K, used 118993K [0x00000007f7a80000, 0x00000007ffb80000, 0x0000000800000000)
  eden space 114688K, 100% used [0x00000007f7a80000,0x00000007fea80000,0x00000007fea80000)
  from space 5120K, 84% used [0x00000007ff000000,0x00000007ff4346b8,0x00000007ff500000)
  to   space 5632K, 0% used [0x00000007fea80000,0x00000007fea80000,0x00000007ff000000)
 ParOldGen       total 174592K, used 176K [0x00000007e7000000, 0x00000007f1a80000, 0x00000007f7a80000)
  object space 174592K, 0% used [0x00000007e7000000,0x00000007e702c020,0x00000007f1a80000)
 PSPermGen       total 21504K, used 15542K [0x00000007e1e00000, 0x00000007e3300000, 0x00000007e7000000)
  object space 21504K, 72% used [0x00000007e1e00000,0x00000007e2d2da48,0x00000007e3300000)
Event: 3.288 GC heap after
Heap after GC invocations=7 (full 0):
 PSYoungGen      total 120320K, used 5618K [0x00000007f7a80000, 0x0000000800000000, 0x0000000800000000)
  eden space 114688K, 0% used [0x00000007f7a80000,0x00000007f7a80000,0x00000007fea80000)
  from space 5632K, 99% used [0x00000007fea80000,0x00000007feffcb78,0x00000007ff000000)
  to   space 7680K, 0% used [0x00000007ff880000,0x00000007ff880000,0x0000000800000000)
 ParOldGen       total 174592K, used 2288K [0x00000007e7000000, 0x00000007f1a80000, 0x00000007f7a80000)
  object space 174592K, 1% used [0x00000007e7000000,0x00000007e723c220,0x00000007f1a80000)
 PSPermGen       total 21504K, used 15542K [0x00000007e1e00000, 0x00000007e3300000, 0x00000007e7000000)
  object space 21504K, 72% used [0x00000007e1e00000,0x00000007e2d2da48,0x00000007e3300000)
}

Deoptimization events (10 events):
Event: 3.268 Thread 0x00007fc39b35e000 Uncommon trap: reason=class_check action=maybe_recompile pc=0x000000010ff2d174 method=java.util.regex.Pattern$Node.study(Ljava/util/regex/Pattern$TreeInfo;)Z @ 12
Event: 3.268 Thread 0x00007fc39b35e000 Uncommon trap: reason=class_check action=maybe_recompile pc=0x000000010ff2d174 method=java.util.regex.Pattern$Node.study(Ljava/util/regex/Pattern$TreeInfo;)Z @ 12
Event: 3.269 Thread 0x00007fc39b35e000 Uncommon trap: reason=class_check action=maybe_recompile pc=0x000000010ff2d174 method=java.util.regex.Pattern$Node.study(Ljava/util/regex/Pattern$TreeInfo;)Z @ 12
Event: 3.349 Thread 0x00007fc39b35e000 Uncommon trap: reason=bimorphic action=maybe_recompile pc=0x000000010feee118 method=java.util.Collections$UnmodifiableCollection$1.<init>(Ljava/util/Collections$UnmodifiableCollection;)V @ 17
Event: 3.351 Thread 0x00007fc39b35e000 Uncommon trap: reason=bimorphic action=maybe_recompile pc=0x000000010ff4d114 method=java.util.Collections$UnmodifiableCollection$1.<init>(Ljava/util/Collections$UnmodifiableCollection;)V @ 17
Event: 3.392 Thread 0x00007fc39b35e000 Uncommon trap: reason=predicate action=maybe_recompile pc=0x000000010ffb0080 method=java.util.Arrays.fill([Ljava/lang/Object;Ljava/lang/Object;)V @ 10
Event: 3.446 Thread 0x00007fc39b35e000 Uncommon trap: reason=array_check action=maybe_recompile pc=0x000000010ffb11b8 method=java.util.Arrays.fill([Ljava/lang/Object;Ljava/lang/Object;)V @ 13
Event: 3.446 Thread 0x00007fc39b35e000 Uncommon trap: reason=array_check action=maybe_recompile pc=0x000000010ffb11b8 method=java.util.Arrays.fill([Ljava/lang/Object;Ljava/lang/Object;)V @ 13
Event: 3.450 Thread 0x00007fc39b35e000 Uncommon trap: reason=array_check action=maybe_recompile pc=0x000000010ffb11b8 method=java.util.Arrays.fill([Ljava/lang/Object;Ljava/lang/Object;)V @ 13
Event: 3.450 Thread 0x00007fc39b35e000 Uncommon trap: reason=array_check action=maybe_recompile pc=0x000000010ffb11b8 method=java.util.Arrays.fill([Ljava/lang/Object;Ljava/lang/Object;)V @ 13

Internal exceptions (10 events):
Event: 3.655 Thread 0x00007fc39b35e000 Threw 0x00000007fe685298 at /HUDSON/workspace/7u-2-build-macosx-x86_64/jdk7u51/527/hotspot/src/share/vm/prims/jvm.cpp:1244
Event: 3.655 Thread 0x00007fc39b35e000 Threw 0x00000007fe6874b0 at /HUDSON/workspace/7u-2-build-macosx-x86_64/jdk7u51/527/hotspot/src/share/vm/prims/jvm.cpp:1244
Event: 3.656 Thread 0x00007fc39b35e000 Threw 0x00000007fe6ef6b0 at /HUDSON/workspace/7u-2-build-macosx-x86_64/jdk7u51/527/hotspot/src/share/vm/prims/jvm.cpp:1244
Event: 3.656 Thread 0x00007fc39b35e000 Threw 0x00000007fe6f1748 at /HUDSON/workspace/7u-2-build-macosx-x86_64/jdk7u51/527/hotspot/src/share/vm/prims/jvm.cpp:1244
Event: 3.657 Thread 0x00007fc39b35e000 Threw 0x00000007fe7591e0 at /HUDSON/workspace/7u-2-build-macosx-x86_64/jdk7u51/527/hotspot/src/share/vm/prims/jvm.cpp:1244
Event: 3.657 Thread 0x00007fc39b35e000 Threw 0x00000007fe75b468 at /HUDSON/workspace/7u-2-build-macosx-x86_64/jdk7u51/527/hotspot/src/share/vm/prims/jvm.cpp:1244
Event: 3.658 Thread 0x00007fc39b35e000 Threw 0x00000007fe763220 at /HUDSON/workspace/7u-2-build-macosx-x86_64/jdk7u51/527/hotspot/src/share/vm/prims/jvm.cpp:1244
Event: 3.658 Thread 0x00007fc39b35e000 Threw 0x00000007fe765d40 at /HUDSON/workspace/7u-2-build-macosx-x86_64/jdk7u51/527/hotspot/src/share/vm/prims/jvm.cpp:1244
Event: 3.658 Thread 0x00007fc39b35e000 Threw 0x00000007fe77b3d0 at /HUDSON/workspace/7u-2-build-macosx-x86_64/jdk7u51/527/hotspot/src/share/vm/prims/jvm.cpp:1244
Event: 3.658 Thread 0x00007fc39b35e000 Threw 0x00000007fe77d858 at /HUDSON/workspace/7u-2-build-macosx-x86_64/jdk7u51/527/hotspot/src/share/vm/prims/jvm.cpp:1244

Events (10 events):
Event: 3.753 loading class 0x00000001148970b0
Event: 3.753 loading class 0x00007fc39c0ef1e0
Event: 3.753 loading class 0x00007fc39c0ef1e0 done
Event: 3.753 Executing VM operation: Deoptimize
Event: 3.753 Executing VM operation: Deoptimize done
Event: 3.753 loading class 0x00000001148970b0 done
Event: 3.755 loading class 0x00007fc39b1f0a10
Event: 3.755 loading class 0x00007fc39b1f0a10 done
Event: 3.755 loading class 0x00007fc39e881280
Event: 3.755 loading class 0x00007fc39e881280 done


Dynamic libraries:
0x000000000c7cc000 	/System/Library/Frameworks/Cocoa.framework/Versions/A/Cocoa
0x000000000c7cc000 	/System/Library/Frameworks/Security.framework/Versions/A/Security
0x000000000c7cc000 	/System/Library/Frameworks/ApplicationServices.framework/Versions/A/ApplicationServices
0x000000000c7cc000 	/usr/lib/libz.1.dylib
0x000000000c7cc000 	/usr/lib/libSystem.B.dylib
0x000000000c7cc000 	/usr/lib/libobjc.A.dylib
0x000000000c7cc000 	/System/Library/Frameworks/CoreFoundation.framework/Versions/A/CoreFoundation
0x000000000c7cc000 	/System/Library/Frameworks/Foundation.framework/Versions/C/Foundation
0x000000000c7cc000 	/System/Library/Frameworks/AppKit.framework/Versions/C/AppKit
0x000000000c7cc000 	/System/Library/Frameworks/CoreData.framework/Versions/A/CoreData
0x000000000c7cc000 	/System/Library/PrivateFrameworks/RemoteViewServices.framework/Versions/A/RemoteViewServices
0x000000000c7cc000 	/System/Library/Frameworks/AudioToolbox.framework/Versions/A/AudioToolbox
0x000000000c7cc000 	/System/Library/Frameworks/AudioUnit.framework/Versions/A/AudioUnit
0x000000000c7cc000 	/System/Library/PrivateFrameworks/DataDetectorsCore.framework/Versions/A/DataDetectorsCore
0x000000000c7cc000 	/System/Library/PrivateFrameworks/DesktopServicesPriv.framework/Versions/A/DesktopServicesPriv
0x000000000c7cc000 	/System/Library/Frameworks/Carbon.framework/Versions/A/Frameworks/HIToolbox.framework/Versions/A/HIToolbox
0x000000000c7cc000 	/System/Library/Frameworks/QuartzCore.framework/Versions/A/QuartzCore
0x000000000c7cc000 	/System/Library/Frameworks/Carbon.framework/Versions/A/Frameworks/SpeechRecognition.framework/Versions/A/SpeechRecognition
0x000000000c7cc000 	/usr/lib/libauto.dylib
0x000000000c7cc000 	/usr/lib/libicucore.A.dylib
0x000000000c7cc000 	/usr/lib/libxml2.2.dylib
0x000000000c7cc000 	/System/Library/PrivateFrameworks/CoreUI.framework/Versions/A/CoreUI
0x000000000c7cc000 	/System/Library/Frameworks/CoreAudio.framework/Versions/A/CoreAudio
0x000000000c7cc000 	/System/Library/Frameworks/DiskArbitration.framework/Versions/A/DiskArbitration
0x000000000c7cc000 	/usr/lib/liblangid.dylib
0x000000000c7cc000 	/System/Library/PrivateFrameworks/MultitouchSupport.framework/Versions/A/MultitouchSupport
0x000000000c7cc000 	/System/Library/Frameworks/IOKit.framework/Versions/A/IOKit
0x000000000c7cc000 	/usr/lib/libDiagnosticMessagesClient.dylib
0x000000000c7cc000 	/System/Library/Frameworks/CoreServices.framework/Versions/A/CoreServices
0x000000000c7cc000 	/System/Library/PrivateFrameworks/PerformanceAnalysis.framework/Versions/A/PerformanceAnalysis
0x000000000c7cc000 	/System/Library/PrivateFrameworks/GenerationalStorage.framework/Versions/A/GenerationalStorage
0x000000000c7cc000 	/System/Library/Frameworks/OpenGL.framework/Versions/A/OpenGL
0x000000000c7cc000 	/System/Library/PrivateFrameworks/Sharing.framework/Versions/A/Sharing
0x000000000c7cc000 	/System/Library/Frameworks/ImageIO.framework/Versions/A/ImageIO
0x000000000c7cc000 	/System/Library/Frameworks/CoreText.framework/Versions/A/CoreText
0x000000000c7cc000 	/System/Library/Frameworks/CoreGraphics.framework/Versions/A/CoreGraphics
0x000000000c7cc000 	/System/Library/PrivateFrameworks/Backup.framework/Versions/A/Backup
0x000000000c7cc000 	/System/Library/Frameworks/CFNetwork.framework/Versions/A/CFNetwork
0x000000000c7cc000 	/System/Library/Frameworks/SystemConfiguration.framework/Versions/A/SystemConfiguration
0x000000000c7cc000 	/usr/lib/libCRFSuite.dylib
0x000000000c7cc000 	/usr/lib/libc++.1.dylib
0x000000000c7cc000 	/usr/lib/libc++abi.dylib
0x000000000c7cc000 	/usr/lib/system/libcache.dylib
0x000000000c7cc000 	/usr/lib/system/libcommonCrypto.dylib
0x000000000c7cc000 	/usr/lib/system/libcompiler_rt.dylib
0x000000000c7cc000 	/usr/lib/system/libcopyfile.dylib
0x000000000c7cc000 	/usr/lib/system/libcorecrypto.dylib
0x000000000c7cc000 	/usr/lib/system/libdispatch.dylib
0x000000000c7cc000 	/usr/lib/system/libdyld.dylib
0x000000000c7cc000 	/usr/lib/system/libkeymgr.dylib
0x000000000c7cc000 	/usr/lib/system/liblaunch.dylib
0x000000000c7cc000 	/usr/lib/system/libmacho.dylib
0x000000000c7cc000 	/usr/lib/system/libquarantine.dylib
0x000000000c7cc000 	/usr/lib/system/libremovefile.dylib
0x000000000c7cc000 	/usr/lib/system/libsystem_asl.dylib
0x000000000c7cc000 	/usr/lib/system/libsystem_blocks.dylib
0x000000000c7cc000 	/usr/lib/system/libsystem_c.dylib
0x000000000c7cc000 	/usr/lib/system/libsystem_configuration.dylib
0x000000000c7cc000 	/usr/lib/system/libsystem_dnssd.dylib
0x000000000c7cc000 	/usr/lib/system/libsystem_info.dylib
0x000000000c7cc000 	/usr/lib/system/libsystem_kernel.dylib
0x000000000c7cc000 	/usr/lib/system/libsystem_m.dylib
0x000000000c7cc000 	/usr/lib/system/libsystem_malloc.dylib
0x000000000c7cc000 	/usr/lib/system/libsystem_network.dylib
0x000000000c7cc000 	/usr/lib/system/libsystem_notify.dylib
0x000000000c7cc000 	/usr/lib/system/libsystem_platform.dylib
0x000000000c7cc000 	/usr/lib/system/libsystem_pthread.dylib
0x000000000c7cc000 	/usr/lib/system/libsystem_sandbox.dylib
0x000000000c7cc000 	/usr/lib/system/libsystem_stats.dylib
0x000000000c7cc000 	/usr/lib/system/libunc.dylib
0x000000000c7cc000 	/usr/lib/system/libunwind.dylib
0x000000000c7cc000 	/usr/lib/system/libxpc.dylib
0x000000000c7cc000 	/usr/lib/libbsm.0.dylib
0x000000000c7cc000 	/usr/lib/libsqlite3.dylib
0x000000000c7cc000 	/usr/lib/libxar.1.dylib
0x000000000c7cc000 	/usr/lib/libpam.2.dylib
0x000000000c7cc000 	/usr/lib/libOpenScriptingUtil.dylib
0x000000000c7cc000 	/usr/lib/libbz2.1.0.dylib
0x000000000c7cc000 	/System/Library/Frameworks/CoreServices.framework/Versions/A/Frameworks/CarbonCore.framework/Versions/A/CarbonCore
0x000000000c7cc000 	/System/Library/Frameworks/CoreServices.framework/Versions/A/Frameworks/Metadata.framework/Versions/A/Metadata
0x000000000c7cc000 	/System/Library/Frameworks/CoreServices.framework/Versions/A/Frameworks/OSServices.framework/Versions/A/OSServices
0x000000000c7cc000 	/System/Library/Frameworks/CoreServices.framework/Versions/A/Frameworks/SearchKit.framework/Versions/A/SearchKit
0x000000000c7cc000 	/System/Library/Frameworks/CoreServices.framework/Versions/A/Frameworks/AE.framework/Versions/A/AE
0x000000000c7cc000 	/System/Library/Frameworks/CoreServices.framework/Versions/A/Frameworks/LaunchServices.framework/Versions/A/LaunchServices
0x000000000c7cc000 	/System/Library/Frameworks/CoreServices.framework/Versions/A/Frameworks/DictionaryServices.framework/Versions/A/DictionaryServices
0x000000000c7cc000 	/System/Library/Frameworks/NetFS.framework/Versions/A/NetFS
0x000000000c7cc000 	/usr/lib/system/libkxld.dylib
0x000000000c7cc000 	/System/Library/PrivateFrameworks/NetAuth.framework/Versions/A/NetAuth
0x000000000c7cc000 	/System/Library/PrivateFrameworks/TCC.framework/Versions/A/TCC
0x000000000c7cc000 	/System/Library/Frameworks/OpenDirectory.framework/Versions/A/Frameworks/CFOpenDirectory.framework/Versions/A/CFOpenDirectory
0x000000000c7cc000 	/System/Library/Frameworks/ServiceManagement.framework/Versions/A/ServiceManagement
0x000000000c7cc000 	/usr/lib/libxslt.1.dylib
0x000000000c7cc000 	/System/Library/Frameworks/Carbon.framework/Versions/A/Frameworks/Ink.framework/Versions/A/Ink
0x000000000c7cc000 	/System/Library/Frameworks/ApplicationServices.framework/Versions/A/Frameworks/ATS.framework/Versions/A/ATS
0x000000000c7cc000 	/System/Library/Frameworks/ApplicationServices.framework/Versions/A/Frameworks/ColorSync.framework/Versions/A/ColorSync
0x000000000c7cc000 	/System/Library/Frameworks/ApplicationServices.framework/Versions/A/Frameworks/HIServices.framework/Versions/A/HIServices
0x000000000c7cc000 	/System/Library/Frameworks/ApplicationServices.framework/Versions/A/Frameworks/LangAnalysis.framework/Versions/A/LangAnalysis
0x000000000c7cc000 	/System/Library/Frameworks/ApplicationServices.framework/Versions/A/Frameworks/PrintCore.framework/Versions/A/PrintCore
0x000000000c7cc000 	/System/Library/Frameworks/ApplicationServices.framework/Versions/A/Frameworks/QD.framework/Versions/A/QD
0x000000000c7cc000 	/System/Library/Frameworks/ApplicationServices.framework/Versions/A/Frameworks/SpeechSynthesis.framework/Versions/A/SpeechSynthesis
0x000000000c7cc000 	/System/Library/Frameworks/IOSurface.framework/Versions/A/IOSurface
0x000000000c7cc000 	/System/Library/Frameworks/Accelerate.framework/Versions/A/Accelerate
0x000000000c7cc000 	/System/Library/Frameworks/Accelerate.framework/Versions/A/Frameworks/vImage.framework/Versions/A/vImage
0x000000000c7cc000 	/System/Library/Frameworks/Accelerate.framework/Versions/A/Frameworks/vecLib.framework/Versions/A/vecLib
0x000000000c7cc000 	/System/Library/Frameworks/Accelerate.framework/Versions/A/Frameworks/vecLib.framework/Versions/A/libvDSP.dylib
0x000000000c7cc000 	/System/Library/Frameworks/Accelerate.framework/Versions/A/Frameworks/vecLib.framework/Versions/A/libvMisc.dylib
0x000000000c7cc000 	/System/Library/Frameworks/Accelerate.framework/Versions/A/Frameworks/vecLib.framework/Versions/A/libLAPACK.dylib
0x000000000c7cc000 	/System/Library/Frameworks/Accelerate.framework/Versions/A/Frameworks/vecLib.framework/Versions/A/libBLAS.dylib
0x000000000c7cc000 	/System/Library/Frameworks/ApplicationServices.framework/Versions/A/Frameworks/ATS.framework/Versions/A/Resources/libFontParser.dylib
0x000000000c7cc000 	/System/Library/Frameworks/ApplicationServices.framework/Versions/A/Frameworks/ATS.framework/Versions/A/Resources/libFontRegistry.dylib
0x000000000c7cc000 	/System/Library/Frameworks/ImageIO.framework/Versions/A/Resources/libJPEG.dylib
0x000000000c7cc000 	/System/Library/Frameworks/ImageIO.framework/Versions/A/Resources/libTIFF.dylib
0x000000000c7cc000 	/System/Library/Frameworks/ImageIO.framework/Versions/A/Resources/libPng.dylib
0x000000000c7cc000 	/System/Library/Frameworks/ImageIO.framework/Versions/A/Resources/libGIF.dylib
0x000000000c7cc000 	/System/Library/Frameworks/ImageIO.framework/Versions/A/Resources/libJP2.dylib
0x000000000c7cc000 	/System/Library/Frameworks/ImageIO.framework/Versions/A/Resources/libRadiance.dylib
0x000000000c7cc000 	/usr/lib/libcups.2.dylib
0x000000000c7cc000 	/System/Library/Frameworks/Kerberos.framework/Versions/A/Kerberos
0x000000000c7cc000 	/System/Library/Frameworks/GSS.framework/Versions/A/GSS
0x000000000c7cc000 	/usr/lib/libresolv.9.dylib
0x000000000c7cc000 	/usr/lib/libiconv.2.dylib
0x000000000c7cc000 	/System/Library/PrivateFrameworks/Heimdal.framework/Versions/A/Heimdal
0x000000000c7cc000 	/System/Library/PrivateFrameworks/TrustEvaluationAgent.framework/Versions/A/TrustEvaluationAgent
0x000000000c7cc000 	/usr/lib/libheimdal-asn1.dylib
0x000000000c7cc000 	/System/Library/Frameworks/OpenDirectory.framework/Versions/A/OpenDirectory
0x000000000c7cc000 	/System/Library/PrivateFrameworks/CommonAuth.framework/Versions/A/CommonAuth
0x000000000c7cc000 	/System/Library/Frameworks/SecurityFoundation.framework/Versions/A/SecurityFoundation
0x000000000c7cc000 	/System/Library/PrivateFrameworks/Bom.framework/Versions/A/Bom
0x000000000c7cc000 	/System/Library/Frameworks/CoreVideo.framework/Versions/A/CoreVideo
0x000000000c7cc000 	/System/Library/Frameworks/QuartzCore.framework/Versions/A/Frameworks/CoreImage.framework/Versions/A/CoreImage
0x000000000c7cc000 	/System/Library/Frameworks/QuartzCore.framework/Versions/A/Frameworks/ScalableUserInterface.framework/Versions/A/ScalableUserInterface
0x000000000c7cc000 	/System/Library/Frameworks/OpenGL.framework/Versions/A/Libraries/libGLU.dylib
0x000000000c7cc000 	/System/Library/Frameworks/OpenGL.framework/Versions/A/Libraries/libGFXShared.dylib
0x000000000c7cc000 	/System/Library/Frameworks/OpenGL.framework/Versions/A/Libraries/libGL.dylib
0x000000000c7cc000 	/System/Library/Frameworks/OpenGL.framework/Versions/A/Libraries/libGLImage.dylib
0x000000000c7cc000 	/System/Library/Frameworks/OpenGL.framework/Versions/A/Libraries/libCVMSPluginSupport.dylib
0x000000000c7cc000 	/System/Library/Frameworks/OpenGL.framework/Versions/A/Libraries/libCoreVMClient.dylib
0x000000000c7cc000 	/System/Library/PrivateFrameworks/FaceCore.framework/Versions/A/FaceCore
0x000000000c7cc000 	/System/Library/PrivateFrameworks/CrashReporterSupport.framework/Versions/A/CrashReporterSupport
0x000000000c7cc000 	/System/Library/Frameworks/OpenCL.framework/Versions/A/OpenCL
0x000000000c7cc000 	/System/Library/PrivateFrameworks/AppleFSCompression.framework/Versions/A/AppleFSCompression
0x000000000c7cc000 	/System/Library/PrivateFrameworks/Ubiquity.framework/Versions/A/Ubiquity
0x000000000c7cc000 	/System/Library/PrivateFrameworks/IconServices.framework/Versions/A/IconServices
0x000000000c7cc000 	/System/Library/PrivateFrameworks/ChunkingLibrary.framework/Versions/A/ChunkingLibrary
0x000000000c7cc000 	/System/Library/PrivateFrameworks/CoreSymbolication.framework/Versions/A/CoreSymbolication
0x000000000c7cc000 	/System/Library/PrivateFrameworks/Symbolication.framework/Versions/A/Symbolication
0x000000000c7cc000 	/System/Library/PrivateFrameworks/DebugSymbols.framework/Versions/A/DebugSymbols
0x000000010ea00000 	/Library/Java/JavaVirtualMachines/jdk1.7.0_51.jdk/Contents/Home/jre/lib/server/libjvm.dylib
0x000000000c7cc000 	/usr/lib/libstdc++.6.dylib
0x000000010d8ea000 	/Library/Java/JavaVirtualMachines/jdk1.7.0_51.jdk/Contents/Home/jre/lib/libverify.dylib
0x000000010d8f7000 	/Library/Java/JavaVirtualMachines/jdk1.7.0_51.jdk/Contents/Home/jre/lib/libjava.dylib
0x000000010d931000 	/Library/Java/JavaVirtualMachines/jdk1.7.0_51.jdk/Contents/Home/jre/lib/libzip.dylib
0x0000000117c59000 	/System/Library/Frameworks/JavaVM.framework/Frameworks/JavaRuntimeSupport.framework/JavaRuntimeSupport
0x0000000117c71000 	/System/Library/Frameworks/JavaVM.framework/Versions/A/Frameworks/JavaNativeFoundation.framework/Versions/A/JavaNativeFoundation
0x0000000117c86000 	/System/Library/Frameworks/JavaVM.framework/Versions/A/JavaVM
0x000000000c7cc000 	/System/Library/Frameworks/Carbon.framework/Versions/A/Carbon
0x0000000117c93000 	/System/Library/PrivateFrameworks/JavaLaunching.framework/Versions/A/JavaLaunching
0x000000000c7cc000 	/System/Library/Frameworks/Carbon.framework/Versions/A/Frameworks/CommonPanels.framework/Versions/A/CommonPanels
0x000000000c7cc000 	/System/Library/Frameworks/Carbon.framework/Versions/A/Frameworks/Help.framework/Versions/A/Help
0x000000000c7cc000 	/System/Library/Frameworks/Carbon.framework/Versions/A/Frameworks/ImageCapture.framework/Versions/A/ImageCapture
0x000000000c7cc000 	/System/Library/Frameworks/Carbon.framework/Versions/A/Frameworks/OpenScripting.framework/Versions/A/OpenScripting
0x000000000c7cc000 	/System/Library/Frameworks/Carbon.framework/Versions/A/Frameworks/Print.framework/Versions/A/Print
0x000000000c7cc000 	/System/Library/Frameworks/Carbon.framework/Versions/A/Frameworks/SecurityHI.framework/Versions/A/SecurityHI
0x00000001195ef000 	/Library/Java/JavaVirtualMachines/jdk1.7.0_51.jdk/Contents/Home/jre/lib/libnio.dylib
0x00000001195fe000 	/Library/Java/JavaVirtualMachines/jdk1.7.0_51.jdk/Contents/Home/jre/lib/./libnet.dylib
0x0000000119c48000 	/Library/Java/JavaVirtualMachines/jdk1.7.0_51.jdk/Contents/Home/jre/lib/libawt.dylib
0x0000000119cf7000 	/Library/Java/JavaVirtualMachines/jdk1.7.0_51.jdk/Contents/Home/jre/lib/./libmlib_image.dylib
0x0000000119dc3000 	/Library/Java/JavaVirtualMachines/jdk1.7.0_51.jdk/Contents/Home/jre/lib/lwawt/liblwawt.dylib
0x0000000119e77000 	/Library/Java/JavaVirtualMachines/jdk1.7.0_51.jdk/Contents/Home/jre/lib/libosxapp.dylib
0x000000000c7cc000 	/System/Library/Frameworks/ExceptionHandling.framework/Versions/A/ExceptionHandling
0x000000000c7cc000 	/System/Library/PrivateFrameworks/CoreServicesInternal.framework/Versions/A/CoreServicesInternal
0x000000000c7cc000 	/System/Library/PrivateFrameworks/Librarian.framework/Versions/A/Librarian
0x000000000c7cc000 	/System/Library/Frameworks/CoreGraphics.framework/Versions/A/Resources/libCGCMS.A.dylib
0x000000000c7cc000 	/System/Library/Frameworks/CoreGraphics.framework/Versions/A/Resources/libRIP.A.dylib
0x000000000c7cc000 	/System/Library/Frameworks/CoreGraphics.framework/Versions/A/Resources/libCGXType.A.dylib
0x000000000c7cc000 	/System/Library/PrivateFrameworks/FamilyControls.framework/Versions/A/FamilyControls
0x000000000c7cc000 	/System/Library/PrivateFrameworks/CommerceKit.framework/Versions/A/Frameworks/CommerceCore.framework/Versions/A/CommerceCore
0x000000000c7cc000 	/System/Library/PrivateFrameworks/SystemAdministration.framework/Versions/A/SystemAdministration
0x000000000c7cc000 	/System/Library/Frameworks/DirectoryService.framework/Versions/A/DirectoryService
0x000000000c7cc000 	/System/Library/PrivateFrameworks/DiskImages.framework/Versions/A/DiskImages
0x000000000c7cc000 	/System/Library/PrivateFrameworks/LoginUIKit.framework/Versions/A/Frameworks/LoginUICore.framework/Versions/A/LoginUICore
0x000000000c7cc000 	/usr/lib/libCoreStorage.dylib
0x000000000c7cc000 	/usr/lib/libcsfde.dylib
0x000000000c7cc000 	/usr/lib/libodfde.dylib
0x000000000c7cc000 	/System/Library/Frameworks/DiscRecording.framework/Versions/A/DiscRecording
0x000000000c7cc000 	/usr/lib/libcurl.4.dylib
0x000000000c7cc000 	/System/Library/PrivateFrameworks/MediaKit.framework/Versions/A/MediaKit
0x000000000c7cc000 	/System/Library/PrivateFrameworks/EFILogin.framework/Versions/A/EFILogin
0x000000000c7cc000 	/usr/lib/libutil.dylib
0x000000000c7cc000 	/System/Library/PrivateFrameworks/AOSNotification.framework/Versions/A/AOSNotification
0x000000000c7cc000 	/System/Library/Frameworks/LDAP.framework/Versions/A/LDAP
0x000000000c7cc000 	/usr/lib/libsasl2.2.dylib
0x000000000c7cc000 	/usr/lib/libcrypto.0.9.8.dylib
0x000000000c7cc000 	/usr/lib/libssl.0.9.8.dylib
0x000000011ed34000 	/Library/Java/JavaVirtualMachines/jdk1.7.0_51.jdk/Contents/Home/jre/lib/libfontmanager.dylib
0x000000000c7cc000 	/System/Library/Frameworks/OpenGL.framework/Versions/A/Resources/GLEngine.bundle/GLEngine
0x000000000c7cc000 	/System/Library/Frameworks/OpenGL.framework/Versions/A/Libraries/libGLProgrammability.dylib
0x0000000000000000 	/System/Library/Extensions/AppleIntelHD4000GraphicsGLDriver.bundle/Contents/MacOS/AppleIntelHD4000GraphicsGLDriver
0x000000000c7cc000 	/System/Library/PrivateFrameworks/IOAccelerator.framework/Versions/A/IOAccelerator
0x000000000c7cc000 	/System/Library/PrivateFrameworks/GPUSupport.framework/Versions/A/Libraries/libGPUSupportMercury.dylib
0x000000000c7cc000 	/System/Library/Frameworks/OpenGL.framework/Versions/A/Resources/GLRendererFloat.bundle/GLRendererFloat
0x000000000c7cc000 	/System/Library/Frameworks/OpenCL.framework/Versions/A/Libraries/libcldcpuengine.dylib
0x0000000121829000 	/Library/Java/JavaVirtualMachines/jdk1.7.0_51.jdk/Contents/Home/jre/lib/libosxui.dylib
0x0000000119736000 	/Library/Java/JavaVirtualMachines/jdk1.7.0_51.jdk/Contents/Home/jre/lib/libosx.dylib

VM Arguments:
jvm_args: -Xss10M -Xmx400M -Dfile.encoding=UTF-8 
java_command: repast.simphony.runtime.RepastMain /Users/ozi/Documents/workspace/IDAMS/IDAMS.rs
Launcher Type: SUN_STANDARD

Environment Variables:
PATH=/usr/bin:/bin:/usr/sbin:/sbin
SHELL=/bin/sh
DISPLAY=/tmp/launch-fNo37Z/org.macosforge.xquartz:0

Signal Handlers:
SIGSEGV: [libjvm.dylib+0x525425], sa_mask[0]=0xfffefeff, sa_flags=0x00000043
SIGBUS: [libjvm.dylib+0x525425], sa_mask[0]=0xfffefeff, sa_flags=0x00000042
SIGFPE: [libjvm.dylib+0x41892a], sa_mask[0]=0xfffefeff, sa_flags=0x00000042
SIGPIPE: [libjvm.dylib+0x41892a], sa_mask[0]=0xfffefeff, sa_flags=0x00000042
SIGXFSZ: [libjvm.dylib+0x41892a], sa_mask[0]=0xfffefeff, sa_flags=0x00000042
SIGILL: [libjvm.dylib+0x41892a], sa_mask[0]=0xfffefeff, sa_flags=0x00000042
SIGUSR1: SIG_DFL, sa_mask[0]=0x00000000, sa_flags=0x00000002
SIGUSR2: [libjvm.dylib+0x41841c], sa_mask[0]=0x00000004, sa_flags=0x00000042
SIGHUP: [libjvm.dylib+0x4166ab], sa_mask[0]=0xfffefeff, sa_flags=0x00000042
SIGINT: [libjvm.dylib+0x4166ab], sa_mask[0]=0xfffefeff, sa_flags=0x00000042
SIGTERM: [libjvm.dylib+0x4166ab], sa_mask[0]=0xfffefeff, sa_flags=0x00000042
SIGQUIT: [libjvm.dylib+0x4166ab], sa_mask[0]=0xfffefeff, sa_flags=0x00000042


---------------  S Y S T E M  ---------------

OS:Bsduname:Darwin 13.4.0 Darwin Kernel Version 13.4.0: Sun Aug 17 19:50:11 PDT 2014; root:xnu-2422.115.4~1/RELEASE_X86_64 x86_64
rlimit: STACK 8192k, CORE 0k, NPROC 709, NOFILE 10240, AS infinity
load average:1.50 1.56 1.56

CPU:total 8 (4 cores per cpu, 2 threads per core) family 6 model 58 stepping 9, cmov, cx8, fxsr, mmx, sse, sse2, sse3, ssse3, sse4.1, sse4.2, popcnt, avx, aes, erms, ht, tsc, tscinvbit, tscinv

Memory: 4k page, physical 16777216k(4194304k free)

/proc/meminfo:


vm_info: Java HotSpot(TM) 64-Bit Server VM (24.51-b03) for bsd-amd64 JRE (1.7.0_51-b13), built on Dec 18 2013 18:45:56 by "java_re" with gcc 4.2.1 (Based on Apple Inc. build 5658) (LLVM build 2336.11.00)

time: Tue Dec 16 16:42:38 2014
elapsed time: 4 seconds

