2014-12-18 13:39:00,435 - ResourceCache : initialized. (class org.apache.velocity.runtime.resource.ResourceCacheImpl)
2014-12-18 13:39:00,435 - Default ResourceManager initialization complete.
2014-12-18 13:39:00,438 - Loaded System Directive: org.apache.velocity.runtime.directive.Literal
2014-12-18 13:39:00,439 - Loaded System Directive: org.apache.velocity.runtime.directive.Macro
2014-12-18 13:39:00,441 - Loaded System Directive: org.apache.velocity.runtime.directive.Parse
2014-12-18 13:39:00,443 - Loaded System Directive: org.apache.velocity.runtime.directive.Include
2014-12-18 13:39:00,444 - Loaded System Directive: org.apache.velocity.runtime.directive.Foreach
2014-12-18 13:39:00,466 - Created: 20 parsers.
2014-12-18 13:39:00,471 - Velocimacro : initialization starting.
2014-12-18 13:39:00,471 - Velocimacro : adding VMs from VM library template : VM_global_library.vm
2014-12-18 13:39:00,478 - ResourceManager : unable to find resource 'VM_global_library.vm' in any resource loader.
2014-12-18 13:39:00,478 - Velocimacro : error using  VM library template VM_global_library.vm : org.apache.velocity.exception.ResourceNotFoundException: Unable to find resource 'VM_global_library.vm'
2014-12-18 13:39:00,478 - Velocimacro :  VM library template macro registration complete.
2014-12-18 13:39:00,478 - Velocimacro : allowInline = true : VMs can be defined inline in templates
2014-12-18 13:39:00,478 - Velocimacro : allowInlineToOverride = false : VMs defined inline may NOT replace previous VM definitions
2014-12-18 13:39:00,478 - Velocimacro : allowInlineLocal = false : VMs defined inline will be  global in scope if allowed.
2014-12-18 13:39:00,478 - Velocimacro : messages on  : VM system will output logging messages
2014-12-18 13:39:00,479 - Velocimacro : autoload off  : VM system will not automatically reload global library macros
2014-12-18 13:39:00,479 - Velocimacro : initialization complete.
2014-12-18 13:39:00,479 - Velocity successfully started.
2014-12-18 13:42:34,426 - SimpleLog4JLogSystem initialized using logfile 'velocity.log'
2014-12-18 13:42:34,427 - ************************************************************** 
2014-12-18 13:42:34,427 - Starting Jakarta Velocity v1.4
2014-12-18 13:42:34,427 - RuntimeInstance initializing.
2014-12-18 13:42:34,427 - Default Properties File: org/apache/velocity/runtime/defaults/velocity.properties
2014-12-18 13:42:34,427 - Trying to use logger class org.apache.velocity.runtime.log.SimpleLog4JLogSystem
2014-12-18 13:42:34,427 - Using logger class org.apache.velocity.runtime.log.SimpleLog4JLogSystem
2014-12-18 13:42:34,433 - Default ResourceManager initializing. (class org.apache.velocity.runtime.resource.ResourceManagerImpl)
2014-12-18 13:42:34,440 - Resource Loader Instantiated: org.apache.velocity.runtime.resource.loader.ClasspathResourceLoader
2014-12-18 13:42:34,440 - ClasspathResourceLoader : initialization starting.
2014-12-18 13:42:34,440 - ClasspathResourceLoader : initialization complete.
2014-12-18 13:42:34,445 - ResourceCache : initialized. (class org.apache.velocity.runtime.resource.ResourceCacheImpl)
2014-12-18 13:42:34,445 - Default ResourceManager initialization complete.
2014-12-18 13:42:34,449 - Loaded System Directive: org.apache.velocity.runtime.directive.Literal
2014-12-18 13:42:34,453 - Loaded System Directive: org.apache.velocity.runtime.directive.Macro
2014-12-18 13:42:34,460 - Loaded System Directive: org.apache.velocity.runtime.directive.Parse
2014-12-18 13:42:34,464 - Loaded System Directive: org.apache.velocity.runtime.directive.Include
2014-12-18 13:42:34,466 - Loaded System Directive: org.apache.velocity.runtime.directive.Foreach
2014-12-18 13:42:34,518 - Created: 20 parsers.
2014-12-18 13:42:34,531 - Velocimacro : initialization starting.
2014-12-18 13:42:34,532 - Velocimacro : adding VMs from VM library template : VM_global_library.vm
2014-12-18 13:42:34,537 - ResourceManager : unable to find resource 'VM_global_library.vm' in any resource loader.
2014-12-18 13:42:34,537 - Velocimacro : error using  VM library template VM_global_library.vm : org.apache.velocity.exception.ResourceNotFoundException: Unable to find resource 'VM_global_library.vm'
2014-12-18 13:42:34,537 - Velocimacro :  VM library template macro registration complete.
2014-12-18 13:42:34,537 - Velocimacro : allowInline = true : VMs can be defined inline in templates
2014-12-18 13:42:34,537 - Velocimacro : allowInlineToOverride = false : VMs defined inline may NOT replace previous VM definitions
2014-12-18 13:42:34,537 - Velocimacro : allowInlineLocal = false : VMs defined inline will be  global in scope if allowed.
2014-12-18 13:42:34,537 - Velocimacro : messages on  : VM system will output logging messages
2014-12-18 13:42:34,537 - Velocimacro : autoload off  : VM system will not automatically reload global library macros
2014-12-18 13:42:34,537 - Velocimacro : initialization complete.
2014-12-18 13:42:34,537 - Velocity successfully started.
2014-12-18 13:43:54,225 - SimpleLog4JLogSystem initialized using logfile 'velocity.log'
2014-12-18 13:43:54,225 - ************************************************************** 
2014-12-18 13:43:54,225 - Starting Jakarta Velocity v1.4
2014-12-18 13:43:54,225 - RuntimeInstance initializing.
2014-12-18 13:43:54,225 - Default Properties File: org/apache/velocity/runtime/defaults/velocity.properties
2014-12-18 13:43:54,225 - Trying to use logger class org.apache.velocity.runtime.log.SimpleLog4JLogSystem
2014-12-18 13:43:54,226 - Using logger class org.apache.velocity.runtime.log.SimpleLog4JLogSystem
2014-12-18 13:43:54,230 - Default ResourceManager initializing. (class org.apache.velocity.runtime.resource.ResourceManagerImpl)
2014-12-18 13:43:54,235 - Resource Loader Instantiated: org.apache.velocity.runtime.resource.loader.ClasspathResourceLoader
2014-12-18 13:43:54,235 - ClasspathResourceLoader : initialization starting.
2014-12-18 13:43:54,235 - ClasspathResourceLoader : initialization complete.
2014-12-18 13:43:54,238 - ResourceCache : initialized. (class org.apache.velocity.runtime.resource.ResourceCacheImpl)
2014-12-18 13:43:54,238 - Default ResourceManager initialization complete.
2014-12-18 13:43:54,241 - Loaded System Directive: org.apache.velocity.runtime.directive.Literal
2014-12-18 13:43:54,244 - Loaded System Directive: org.apache.velocity.runtime.directive.Macro
2014-12-18 13:43:54,248 - Loaded System Directive: org.apache.velocity.runtime.directive.Parse
2014-12-18 13:43:54,251 - Loaded System Directive: org.apache.velocity.runtime.directive.Include
2014-12-18 13:43:54,253 - Loaded System Directive: org.apache.velocity.runtime.directive.Foreach
2014-12-18 13:43:54,294 - Created: 20 parsers.
2014-12-18 13:43:54,299 - Velocimacro : initialization starting.
2014-12-18 13:43:54,299 - Velocimacro : adding VMs from VM library template : VM_global_library.vm
2014-12-18 13:43:54,302 - ResourceManager : unable to find resource 'VM_global_library.vm' in any resource loader.
2014-12-18 13:43:54,303 - Velocimacro : error using  VM library template VM_global_library.vm : org.apache.velocity.exception.ResourceNotFoundException: Unable to find resource 'VM_global_library.vm'
2014-12-18 13:43:54,303 - Velocimacro :  VM library template macro registration complete.
2014-12-18 13:43:54,303 - Velocimacro : allowInline = true : VMs can be defined inline in templates
2014-12-18 13:43:54,303 - Velocimacro : allowInlineToOverride = false : VMs defined inline may NOT replace previous VM definitions
2014-12-18 13:43:54,303 - Velocimacro : allowInlineLocal = false : VMs defined inline will be  global in scope if allowed.
2014-12-18 13:43:54,303 - Velocimacro : messages on  : VM system will output logging messages
2014-12-18 13:43:54,303 - Velocimacro : autoload off  : VM system will not automatically reload global library macros
2014-12-18 13:43:54,303 - Velocimacro : initialization complete.
2014-12-18 13:43:54,303 - Velocity successfully started.
2014-12-18 13:44:35,030 - SimpleLog4JLogSystem initialized using logfile 'velocity.log'
2014-12-18 13:44:35,031 - ************************************************************** 
2014-12-18 13:44:35,031 - Starting Jakarta Velocity v1.4
2014-12-18 13:44:35,031 - RuntimeInstance initializing.
2014-12-18 13:44:35,031 - Default Properties File: org/apache/velocity/runtime/defaults/velocity.properties
2014-12-18 13:44:35,031 - Trying to use logger class org.apache.velocity.runtime.log.SimpleLog4JLogSystem
2014-12-18 13:44:35,031 - Using logger class org.apache.velocity.runtime.log.SimpleLog4JLogSystem
2014-12-18 13:44:35,036 - Default ResourceManager initializing. (class org.apache.velocity.runtime.resource.ResourceManagerImpl)
2014-12-18 13:44:35,040 - Resource Loader Instantiated: org.apache.velocity.runtime.resource.loader.ClasspathResourceLoader
2014-12-18 13:44:35,040 - ClasspathResourceLoader : initialization starting.
2014-12-18 13:44:35,040 - ClasspathResourceLoader : initialization complete.
2014-12-18 13:44:35,043 - ResourceCache : initialized. (class org.apache.velocity.runtime.resource.ResourceCacheImpl)
2014-12-18 13:44:35,043 - Default ResourceManager initialization complete.
2014-12-18 13:44:35,046 - Loaded System Directive: org.apache.velocity.runtime.directive.Literal
2014-12-18 13:44:35,049 - Loaded System Directive: org.apache.velocity.runtime.directive.Macro
2014-12-18 13:44:35,053 - Loaded System Directive: org.apache.velocity.runtime.directive.Parse
2014-12-18 13:44:35,056 - Loaded System Directive: org.apache.velocity.runtime.directive.Include
2014-12-18 13:44:35,058 - Loaded System Directive: org.apache.velocity.runtime.directive.Foreach
2014-12-18 13:44:35,098 - Created: 20 parsers.
2014-12-18 13:44:35,104 - Velocimacro : initialization starting.
2014-12-18 13:44:35,104 - Velocimacro : adding VMs from VM library template : VM_global_library.vm
2014-12-18 13:44:35,107 - ResourceManager : unable to find resource 'VM_global_library.vm' in any resource loader.
2014-12-18 13:44:35,107 - Velocimacro : error using  VM library template VM_global_library.vm : org.apache.velocity.exception.ResourceNotFoundException: Unable to find resource 'VM_global_library.vm'
2014-12-18 13:44:35,107 - Velocimacro :  VM library template macro registration complete.
2014-12-18 13:44:35,107 - Velocimacro : allowInline = true : VMs can be defined inline in templates
2014-12-18 13:44:35,107 - Velocimacro : allowInlineToOverride = false : VMs defined inline may NOT replace previous VM definitions
2014-12-18 13:44:35,108 - Velocimacro : allowInlineLocal = false : VMs defined inline will be  global in scope if allowed.
2014-12-18 13:44:35,108 - Velocimacro : messages on  : VM system will output logging messages
2014-12-18 13:44:35,108 - Velocimacro : autoload off  : VM system will not automatically reload global library macros
2014-12-18 13:44:35,108 - Velocimacro : initialization complete.
2014-12-18 13:44:35,108 - Velocity successfully started.
2014-12-18 13:45:25,245 - SimpleLog4JLogSystem initialized using logfile 'velocity.log'
2014-12-18 13:45:25,245 - ************************************************************** 
2014-12-18 13:45:25,245 - Starting Jakarta Velocity v1.4
2014-12-18 13:45:25,245 - RuntimeInstance initializing.
2014-12-18 13:45:25,245 - Default Properties File: org/apache/velocity/runtime/defaults/velocity.properties
2014-12-18 13:45:25,245 - Trying to use logger class org.apache.velocity.runtime.log.SimpleLog4JLogSystem
2014-12-18 13:45:25,246 - Using logger class org.apache.velocity.runtime.log.SimpleLog4JLogSystem
2014-12-18 13:45:25,250 - Default ResourceManager initializing. (class org.apache.velocity.runtime.resource.ResourceManagerImpl)
2014-12-18 13:45:25,255 - Resource Loader Instantiated: org.apache.velocity.runtime.resource.loader.ClasspathResourceLoader
2014-12-18 13:45:25,255 - ClasspathResourceLoader : initialization starting.
2014-12-18 13:45:25,255 - ClasspathResourceLoader : initialization complete.
2014-12-18 13:45:25,258 - ResourceCache : initialized. (class org.apache.velocity.runtime.resource.ResourceCacheImpl)
2014-12-18 13:45:25,258 - Default ResourceManager initialization complete.
2014-12-18 13:45:25,261 - Loaded System Directive: org.apache.velocity.runtime.directive.Literal
2014-12-18 13:45:25,263 - Loaded System Directive: org.apache.velocity.runtime.directive.Macro
2014-12-18 13:45:25,268 - Loaded System Directive: org.apache.velocity.runtime.directive.Parse
2014-12-18 13:45:25,271 - Loaded System Directive: org.apache.velocity.runtime.directive.Include
2014-12-18 13:45:25,272 - Loaded System Directive: org.apache.velocity.runtime.directive.Foreach
2014-12-18 13:45:25,312 - Created: 20 parsers.
2014-12-18 13:45:25,318 - Velocimacro : initialization starting.
2014-12-18 13:45:25,318 - Velocimacro : adding VMs from VM library template : VM_global_library.vm
2014-12-18 13:45:25,322 - ResourceManager : unable to find resource 'VM_global_library.vm' in any resource loader.
2014-12-18 13:45:25,322 - Velocimacro : error using  VM library template VM_global_library.vm : org.apache.velocity.exception.ResourceNotFoundException: Unable to find resource 'VM_global_library.vm'
2014-12-18 13:45:25,322 - Velocimacro :  VM library template macro registration complete.
2014-12-18 13:45:25,322 - Velocimacro : allowInline = true : VMs can be defined inline in templates
2014-12-18 13:45:25,322 - Velocimacro : allowInlineToOverride = false : VMs defined inline may NOT replace previous VM definitions
2014-12-18 13:45:25,322 - Velocimacro : allowInlineLocal = false : VMs defined inline will be  global in scope if allowed.
2014-12-18 13:45:25,322 - Velocimacro : messages on  : VM system will output logging messages
2014-12-18 13:45:25,322 - Velocimacro : autoload off  : VM system will not automatically reload global library macros
2014-12-18 13:45:25,322 - Velocimacro : initialization complete.
2014-12-18 13:45:25,322 - Velocity successfully started.
2014-12-18 15:42:22,706 - SimpleLog4JLogSystem initialized using logfile 'velocity.log'
2014-12-18 15:42:22,718 - ************************************************************** 
2014-12-18 15:42:22,718 - Starting Jakarta Velocity v1.4
2014-12-18 15:42:22,718 - RuntimeInstance initializing.
2014-12-18 15:42:22,718 - Default Properties File: org/apache/velocity/runtime/defaults/velocity.properties
2014-12-18 15:42:22,718 - Trying to use logger class org.apache.velocity.runtime.log.SimpleLog4JLogSystem
2014-12-18 15:42:22,718 - Using logger class org.apache.velocity.runtime.log.SimpleLog4JLogSystem
2014-12-18 15:42:22,723 - Default ResourceManager initializing. (class org.apache.velocity.runtime.resource.ResourceManagerImpl)
2014-12-18 15:42:22,727 - Resource Loader Instantiated: org.apache.velocity.runtime.resource.loader.ClasspathResourceLoader
2014-12-18 15:42:22,727 - ClasspathResourceLoader : initialization starting.
2014-12-18 15:42:22,727 - ClasspathResourceLoader : initialization complete.
2014-12-18 15:42:22,730 - ResourceCache : initialized. (class org.apache.velocity.runtime.resource.ResourceCacheImpl)
2014-12-18 15:42:22,730 - Default ResourceManager initialization complete.
2014-12-18 15:42:22,733 - Loaded System Directive: org.apache.velocity.runtime.directive.Literal
2014-12-18 15:42:22,736 - Loaded System Directive: org.apache.velocity.runtime.directive.Macro
2014-12-18 15:42:22,740 - Loaded System Directive: org.apache.velocity.runtime.directive.Parse
2014-12-18 15:42:22,743 - Loaded System Directive: org.apache.velocity.runtime.directive.Include
2014-12-18 15:42:22,744 - Loaded System Directive: org.apache.velocity.runtime.directive.Foreach
2014-12-18 15:42:22,778 - Created: 20 parsers.
2014-12-18 15:42:22,783 - Velocimacro : initialization starting.
2014-12-18 15:42:22,783 - Velocimacro : adding VMs from VM library template : VM_global_library.vm
2014-12-18 15:42:22,787 - ResourceManager : unable to find resource 'VM_global_library.vm' in any resource loader.
2014-12-18 15:42:22,787 - Velocimacro : error using  VM library template VM_global_library.vm : org.apache.velocity.exception.ResourceNotFoundException: Unable to find resource 'VM_global_library.vm'
2014-12-18 15:42:22,787 - Velocimacro :  VM library template macro registration complete.
2014-12-18 15:42:22,787 - Velocimacro : allowInline = true : VMs can be defined inline in templates
2014-12-18 15:42:22,787 - Velocimacro : allowInlineToOverride = false : VMs defined inline may NOT replace previous VM definitions
2014-12-18 15:42:22,787 - Velocimacro : allowInlineLocal = false : VMs defined inline will be  global in scope if allowed.
2014-12-18 15:42:22,787 - Velocimacro : messages on  : VM system will output logging messages
2014-12-18 15:42:22,787 - Velocimacro : autoload off  : VM system will not automatically reload global library macros
2014-12-18 15:42:22,787 - Velocimacro : initialization complete.
2014-12-18 15:42:22,787 - Velocity successfully started.
2014-12-18 15:43:03,179 - SimpleLog4JLogSystem initialized using logfile 'velocity.log'
2014-12-18 15:43:03,179 - ************************************************************** 
2014-12-18 15:43:03,179 - Starting Jakarta Velocity v1.4
2014-12-18 15:43:03,179 - RuntimeInstance initializing.
2014-12-18 15:43:03,179 - Default Properties File: org/apache/velocity/runtime/defaults/velocity.properties
2014-12-18 15:43:03,180 - Trying to use logger class org.apache.velocity.runtime.log.SimpleLog4JLogSystem
2014-12-18 15:43:03,180 - Using logger class org.apache.velocity.runtime.log.SimpleLog4JLogSystem
2014-12-18 15:43:03,184 - Default ResourceManager initializing. (class org.apache.velocity.runtime.resource.ResourceManagerImpl)
2014-12-18 15:43:03,191 - Resource Loader Instantiated: org.apache.velocity.runtime.resource.loader.ClasspathResourceLoader
2014-12-18 15:43:03,191 - ClasspathResourceLoader : initialization starting.
2014-12-18 15:43:03,191 - ClasspathResourceLoader : initialization complete.
2014-12-18 15:43:03,194 - ResourceCache : initialized. (class org.apache.velocity.runtime.resource.ResourceCacheImpl)
2014-12-18 15:43:03,194 - Default ResourceManager initialization complete.
2014-12-18 15:43:03,197 - Loaded System Directive: org.apache.velocity.runtime.directive.Literal
2014-12-18 15:43:03,200 - Loaded System Directive: org.apache.velocity.runtime.directive.Macro
2014-12-18 15:43:03,204 - Loaded System Directive: org.apache.velocity.runtime.directive.Parse
2014-12-18 15:43:03,207 - Loaded System Directive: org.apache.velocity.runtime.directive.Include
2014-12-18 15:43:03,209 - Loaded System Directive: org.apache.velocity.runtime.directive.Foreach
2014-12-18 15:43:03,249 - Created: 20 parsers.
2014-12-18 15:43:03,255 - Velocimacro : initialization starting.
2014-12-18 15:43:03,255 - Velocimacro : adding VMs from VM library template : VM_global_library.vm
2014-12-18 15:43:03,258 - ResourceManager : unable to find resource 'VM_global_library.vm' in any resource loader.
2014-12-18 15:43:03,258 - Velocimacro : error using  VM library template VM_global_library.vm : org.apache.velocity.exception.ResourceNotFoundException: Unable to find resource 'VM_global_library.vm'
2014-12-18 15:43:03,259 - Velocimacro :  VM library template macro registration complete.
2014-12-18 15:43:03,259 - Velocimacro : allowInline = true : VMs can be defined inline in templates
2014-12-18 15:43:03,259 - Velocimacro : allowInlineToOverride = false : VMs defined inline may NOT replace previous VM definitions
2014-12-18 15:43:03,259 - Velocimacro : allowInlineLocal = false : VMs defined inline will be  global in scope if allowed.
2014-12-18 15:43:03,259 - Velocimacro : messages on  : VM system will output logging messages
2014-12-18 15:43:03,259 - Velocimacro : autoload off  : VM system will not automatically reload global library macros
2014-12-18 15:43:03,259 - Velocimacro : initialization complete.
2014-12-18 15:43:03,259 - Velocity successfully started.
2014-12-18 15:49:50,311 - SimpleLog4JLogSystem initialized using logfile 'velocity.log'
2014-12-18 15:49:50,311 - ************************************************************** 
2014-12-18 15:49:50,311 - Starting Jakarta Velocity v1.4
2014-12-18 15:49:50,311 - RuntimeInstance initializing.
2014-12-18 15:49:50,311 - Default Properties File: org/apache/velocity/runtime/defaults/velocity.properties
2014-12-18 15:49:50,311 - Trying to use logger class org.apache.velocity.runtime.log.SimpleLog4JLogSystem
2014-12-18 15:49:50,311 - Using logger class org.apache.velocity.runtime.log.SimpleLog4JLogSystem
2014-12-18 15:49:50,318 - Default ResourceManager initializing. (class org.apache.velocity.runtime.resource.ResourceManagerImpl)
2014-12-18 15:49:50,324 - Resource Loader Instantiated: org.apache.velocity.runtime.resource.loader.ClasspathResourceLoader
2014-12-18 15:49:50,325 - ClasspathResourceLoader : initialization starting.
2014-12-18 15:49:50,325 - ClasspathResourceLoader : initialization complete.
2014-12-18 15:49:50,329 - ResourceCache : initialized. (class org.apache.velocity.runtime.resource.ResourceCacheImpl)
2014-12-18 15:49:50,329 - Default ResourceManager initialization complete.
2014-12-18 15:49:50,333 - Loaded System Directive: org.apache.velocity.runtime.directive.Literal
2014-12-18 15:49:50,337 - Loaded System Directive: org.apache.velocity.runtime.directive.Macro
2014-12-18 15:49:50,343 - Loaded System Directive: org.apache.velocity.runtime.directive.Parse
2014-12-18 15:49:50,347 - Loaded System Directive: org.apache.velocity.runtime.directive.Include
2014-12-18 15:49:50,348 - Loaded System Directive: org.apache.velocity.runtime.directive.Foreach
2014-12-18 15:49:50,391 - Created: 20 parsers.
2014-12-18 15:49:50,397 - Velocimacro : initialization starting.
2014-12-18 15:49:50,397 - Velocimacro : adding VMs from VM library template : VM_global_library.vm
2014-12-18 15:49:50,401 - ResourceManager : unable to find resource 'VM_global_library.vm' in any resource loader.
2014-12-18 15:49:50,401 - Velocimacro : error using  VM library template VM_global_library.vm : org.apache.velocity.exception.ResourceNotFoundException: Unable to find resource 'VM_global_library.vm'
2014-12-18 15:49:50,401 - Velocimacro :  VM library template macro registration complete.
2014-12-18 15:49:50,401 - Velocimacro : allowInline = true : VMs can be defined inline in templates
2014-12-18 15:49:50,401 - Velocimacro : allowInlineToOverride = false : VMs defined inline may NOT replace previous VM definitions
2014-12-18 15:49:50,401 - Velocimacro : allowInlineLocal = false : VMs defined inline will be  global in scope if allowed.
2014-12-18 15:49:50,401 - Velocimacro : messages on  : VM system will output logging messages
2014-12-18 15:49:50,401 - Velocimacro : autoload off  : VM system will not automatically reload global library macros
2014-12-18 15:49:50,401 - Velocimacro : initialization complete.
2014-12-18 15:49:50,401 - Velocity successfully started.
2014-12-18 15:51:13,831 - SimpleLog4JLogSystem initialized using logfile 'velocity.log'
2014-12-18 15:51:13,831 - ************************************************************** 
2014-12-18 15:51:13,831 - Starting Jakarta Velocity v1.4
2014-12-18 15:51:13,831 - RuntimeInstance initializing.
2014-12-18 15:51:13,831 - Default Properties File: org/apache/velocity/runtime/defaults/velocity.properties
2014-12-18 15:51:13,831 - Trying to use logger class org.apache.velocity.runtime.log.SimpleLog4JLogSystem
2014-12-18 15:51:13,831 - Using logger class org.apache.velocity.runtime.log.SimpleLog4JLogSystem
2014-12-18 15:51:13,837 - Default ResourceManager initializing. (class org.apache.velocity.runtime.resource.ResourceManagerImpl)
2014-12-18 15:51:13,842 - Resource Loader Instantiated: org.apache.velocity.runtime.resource.loader.ClasspathResourceLoader
2014-12-18 15:51:13,842 - ClasspathResourceLoader : initialization starting.
2014-12-18 15:51:13,842 - ClasspathResourceLoader : initialization complete.
2014-12-18 15:51:13,845 - ResourceCache : initialized. (class org.apache.velocity.runtime.resource.ResourceCacheImpl)
2014-12-18 15:51:13,845 - Default ResourceManager initialization complete.
2014-12-18 15:51:13,848 - Loaded System Directive: org.apache.velocity.runtime.directive.Literal
2014-12-18 15:51:13,851 - Loaded System Directive: org.apache.velocity.runtime.directive.Macro
2014-12-18 15:51:13,855 - Loaded System Directive: org.apache.velocity.runtime.directive.Parse
2014-12-18 15:51:13,858 - Loaded System Directive: org.apache.velocity.runtime.directive.Include
2014-12-18 15:51:13,859 - Loaded System Directive: org.apache.velocity.runtime.directive.Foreach
2014-12-18 15:51:13,897 - Created: 20 parsers.
2014-12-18 15:51:13,909 - Velocimacro : initialization starting.
2014-12-18 15:51:13,909 - Velocimacro : adding VMs from VM library template : VM_global_library.vm
2014-12-18 15:51:13,913 - ResourceManager : unable to find resource 'VM_global_library.vm' in any resource loader.
2014-12-18 15:51:13,913 - Velocimacro : error using  VM library template VM_global_library.vm : org.apache.velocity.exception.ResourceNotFoundException: Unable to find resource 'VM_global_library.vm'
2014-12-18 15:51:13,913 - Velocimacro :  VM library template macro registration complete.
2014-12-18 15:51:13,913 - Velocimacro : allowInline = true : VMs can be defined inline in templates
2014-12-18 15:51:13,913 - Velocimacro : allowInlineToOverride = false : VMs defined inline may NOT replace previous VM definitions
2014-12-18 15:51:13,913 - Velocimacro : allowInlineLocal = false : VMs defined inline will be  global in scope if allowed.
2014-12-18 15:51:13,913 - Velocimacro : messages on  : VM system will output logging messages
2014-12-18 15:51:13,914 - Velocimacro : autoload off  : VM system will not automatically reload global library macros
2014-12-18 15:51:13,914 - Velocimacro : initialization complete.
2014-12-18 15:51:13,914 - Velocity successfully started.
2014-12-18 15:55:12,212 - SimpleLog4JLogSystem initialized using logfile 'velocity.log'
2014-12-18 15:55:12,212 - ************************************************************** 
2014-12-18 15:55:12,212 - Starting Jakarta Velocity v1.4
2014-12-18 15:55:12,212 - RuntimeInstance initializing.
2014-12-18 15:55:12,212 - Default Properties File: org/apache/velocity/runtime/defaults/velocity.properties
2014-12-18 15:55:12,212 - Trying to use logger class org.apache.velocity.runtime.log.SimpleLog4JLogSystem
2014-12-18 15:55:12,212 - Using logger class org.apache.velocity.runtime.log.SimpleLog4JLogSystem
2014-12-18 15:55:12,217 - Default ResourceManager initializing. (class org.apache.velocity.runtime.resource.ResourceManagerImpl)
2014-12-18 15:55:12,224 - Resource Loader Instantiated: org.apache.velocity.runtime.resource.loader.ClasspathResourceLoader
2014-12-18 15:55:12,224 - ClasspathResourceLoader : initialization starting.
2014-12-18 15:55:12,224 - ClasspathResourceLoader : initialization complete.
2014-12-18 15:55:12,227 - ResourceCache : initialized. (class org.apache.velocity.runtime.resource.ResourceCacheImpl)
2014-12-18 15:55:12,227 - Default ResourceManager initialization complete.
2014-12-18 15:55:12,230 - Loaded System Directive: org.apache.velocity.runtime.directive.Literal
2014-12-18 15:55:12,233 - Loaded System Directive: org.apache.velocity.runtime.directive.Macro
2014-12-18 15:55:12,240 - Loaded System Directive: org.apache.velocity.runtime.directive.Parse
2014-12-18 15:55:12,245 - Loaded System Directive: org.apache.velocity.runtime.directive.Include
2014-12-18 15:55:12,247 - Loaded System Directive: org.apache.velocity.runtime.directive.Foreach
2014-12-18 15:55:12,295 - Created: 20 parsers.
2014-12-18 15:55:12,310 - Velocimacro : initialization starting.
2014-12-18 15:55:12,310 - Velocimacro : adding VMs from VM library template : VM_global_library.vm
2014-12-18 15:55:12,314 - ResourceManager : unable to find resource 'VM_global_library.vm' in any resource loader.
2014-12-18 15:55:12,314 - Velocimacro : error using  VM library template VM_global_library.vm : org.apache.velocity.exception.ResourceNotFoundException: Unable to find resource 'VM_global_library.vm'
2014-12-18 15:55:12,314 - Velocimacro :  VM library template macro registration complete.
2014-12-18 15:55:12,314 - Velocimacro : allowInline = true : VMs can be defined inline in templates
2014-12-18 15:55:12,314 - Velocimacro : allowInlineToOverride = false : VMs defined inline may NOT replace previous VM definitions
2014-12-18 15:55:12,314 - Velocimacro : allowInlineLocal = false : VMs defined inline will be  global in scope if allowed.
2014-12-18 15:55:12,314 - Velocimacro : messages on  : VM system will output logging messages
2014-12-18 15:55:12,314 - Velocimacro : autoload off  : VM system will not automatically reload global library macros
2014-12-18 15:55:12,314 - Velocimacro : initialization complete.
2014-12-18 15:55:12,314 - Velocity successfully started.
2014-12-18 15:57:17,822 - SimpleLog4JLogSystem initialized using logfile 'velocity.log'
2014-12-18 15:57:17,823 - ************************************************************** 
2014-12-18 15:57:17,823 - Starting Jakarta Velocity v1.4
2014-12-18 15:57:17,823 - RuntimeInstance initializing.
2014-12-18 15:57:17,823 - Default Properties File: org/apache/velocity/runtime/defaults/velocity.properties
2014-12-18 15:57:17,823 - Trying to use logger class org.apache.velocity.runtime.log.SimpleLog4JLogSystem
2014-12-18 15:57:17,823 - Using logger class org.apache.velocity.runtime.log.SimpleLog4JLogSystem
2014-12-18 15:57:17,828 - Default ResourceManager initializing. (class org.apache.velocity.runtime.resource.ResourceManagerImpl)
2014-12-18 15:57:17,833 - Resource Loader Instantiated: org.apache.velocity.runtime.resource.loader.ClasspathResourceLoader
2014-12-18 15:57:17,833 - ClasspathResourceLoader : initialization starting.
2014-12-18 15:57:17,833 - ClasspathResourceLoader : initialization complete.
2014-12-18 15:57:17,835 - ResourceCache : initialized. (class org.apache.velocity.runtime.resource.ResourceCacheImpl)
2014-12-18 15:57:17,836 - Default ResourceManager initialization complete.
2014-12-18 15:57:17,838 - Loaded System Directive: org.apache.velocity.runtime.directive.Literal
2014-12-18 15:57:17,841 - Loaded System Directive: org.apache.velocity.runtime.directive.Macro
2014-12-18 15:57:17,845 - Loaded System Directive: org.apache.velocity.runtime.directive.Parse
2014-12-18 15:57:17,848 - Loaded System Directive: org.apache.velocity.runtime.directive.Include
2014-12-18 15:57:17,850 - Loaded System Directive: org.apache.velocity.runtime.directive.Foreach
2014-12-18 15:57:17,884 - Created: 20 parsers.
2014-12-18 15:57:17,892 - Velocimacro : initialization starting.
2014-12-18 15:57:17,892 - Velocimacro : adding VMs from VM library template : VM_global_library.vm
2014-12-18 15:57:17,896 - ResourceManager : unable to find resource 'VM_global_library.vm' in any resource loader.
2014-12-18 15:57:17,896 - Velocimacro : error using  VM library template VM_global_library.vm : org.apache.velocity.exception.ResourceNotFoundException: Unable to find resource 'VM_global_library.vm'
2014-12-18 15:57:17,896 - Velocimacro :  VM library template macro registration complete.
2014-12-18 15:57:17,896 - Velocimacro : allowInline = true : VMs can be defined inline in templates
2014-12-18 15:57:17,896 - Velocimacro : allowInlineToOverride = false : VMs defined inline may NOT replace previous VM definitions
2014-12-18 15:57:17,896 - Velocimacro : allowInlineLocal = false : VMs defined inline will be  global in scope if allowed.
2014-12-18 15:57:17,896 - Velocimacro : messages on  : VM system will output logging messages
2014-12-18 15:57:17,896 - Velocimacro : autoload off  : VM system will not automatically reload global library macros
2014-12-18 15:57:17,896 - Velocimacro : initialization complete.
2014-12-18 15:57:17,896 - Velocity successfully started.
2014-12-18 15:58:51,652 - SimpleLog4JLogSystem initialized using logfile 'velocity.log'
2014-12-18 15:58:51,652 - ************************************************************** 
2014-12-18 15:58:51,652 - Starting Jakarta Velocity v1.4
2014-12-18 15:58:51,652 - RuntimeInstance initializing.
2014-12-18 15:58:51,653 - Default Properties File: org/apache/velocity/runtime/defaults/velocity.properties
2014-12-18 15:58:51,653 - Trying to use logger class org.apache.velocity.runtime.log.SimpleLog4JLogSystem
2014-12-18 15:58:51,653 - Using logger class org.apache.velocity.runtime.log.SimpleLog4JLogSystem
2014-12-18 15:58:51,657 - Default ResourceManager initializing. (class org.apache.velocity.runtime.resource.ResourceManagerImpl)
2014-12-18 15:58:51,662 - Resource Loader Instantiated: org.apache.velocity.runtime.resource.loader.ClasspathResourceLoader
2014-12-18 15:58:51,662 - ClasspathResourceLoader : initialization starting.
2014-12-18 15:58:51,662 - ClasspathResourceLoader : initialization complete.
2014-12-18 15:58:51,665 - ResourceCache : initialized. (class org.apache.velocity.runtime.resource.ResourceCacheImpl)
2014-12-18 15:58:51,665 - Default ResourceManager initialization complete.
2014-12-18 15:58:51,668 - Loaded System Directive: org.apache.velocity.runtime.directive.Literal
2014-12-18 15:58:51,671 - Loaded System Directive: org.apache.velocity.runtime.directive.Macro
2014-12-18 15:58:51,684 - Loaded System Directive: org.apache.velocity.runtime.directive.Parse
2014-12-18 15:58:51,687 - Loaded System Directive: org.apache.velocity.runtime.directive.Include
2014-12-18 15:58:51,688 - Loaded System Directive: org.apache.velocity.runtime.directive.Foreach
2014-12-18 15:58:51,720 - Created: 20 parsers.
2014-12-18 15:58:51,725 - Velocimacro : initialization starting.
2014-12-18 15:58:51,725 - Velocimacro : adding VMs from VM library template : VM_global_library.vm
2014-12-18 15:58:51,729 - ResourceManager : unable to find resource 'VM_global_library.vm' in any resource loader.
2014-12-18 15:58:51,729 - Velocimacro : error using  VM library template VM_global_library.vm : org.apache.velocity.exception.ResourceNotFoundException: Unable to find resource 'VM_global_library.vm'
2014-12-18 15:58:51,729 - Velocimacro :  VM library template macro registration complete.
2014-12-18 15:58:51,729 - Velocimacro : allowInline = true : VMs can be defined inline in templates
2014-12-18 15:58:51,729 - Velocimacro : allowInlineToOverride = false : VMs defined inline may NOT replace previous VM definitions
2014-12-18 15:58:51,729 - Velocimacro : allowInlineLocal = false : VMs defined inline will be  global in scope if allowed.
2014-12-18 15:58:51,729 - Velocimacro : messages on  : VM system will output logging messages
2014-12-18 15:58:51,729 - Velocimacro : autoload off  : VM system will not automatically reload global library macros
2014-12-18 15:58:51,729 - Velocimacro : initialization complete.
2014-12-18 15:58:51,729 - Velocity successfully started.
2014-12-18 16:01:14,941 - SimpleLog4JLogSystem initialized using logfile 'velocity.log'
2014-12-18 16:01:14,942 - ************************************************************** 
2014-12-18 16:01:14,942 - Starting Jakarta Velocity v1.4
2014-12-18 16:01:14,942 - RuntimeInstance initializing.
2014-12-18 16:01:14,942 - Default Properties File: org/apache/velocity/runtime/defaults/velocity.properties
2014-12-18 16:01:14,942 - Trying to use logger class org.apache.velocity.runtime.log.SimpleLog4JLogSystem
2014-12-18 16:01:14,942 - Using logger class org.apache.velocity.runtime.log.SimpleLog4JLogSystem
2014-12-18 16:01:14,947 - Default ResourceManager initializing. (class org.apache.velocity.runtime.resource.ResourceManagerImpl)
2014-12-18 16:01:14,951 - Resource Loader Instantiated: org.apache.velocity.runtime.resource.loader.ClasspathResourceLoader
2014-12-18 16:01:14,951 - ClasspathResourceLoader : initialization starting.
2014-12-18 16:01:14,951 - ClasspathResourceLoader : initialization complete.
2014-12-18 16:01:14,954 - ResourceCache : initialized. (class org.apache.velocity.runtime.resource.ResourceCacheImpl)
2014-12-18 16:01:14,954 - Default ResourceManager initialization complete.
2014-12-18 16:01:14,957 - Loaded System Directive: org.apache.velocity.runtime.directive.Literal
2014-12-18 16:01:14,960 - Loaded System Directive: org.apache.velocity.runtime.directive.Macro
2014-12-18 16:01:14,964 - Loaded System Directive: org.apache.velocity.runtime.directive.Parse
2014-12-18 16:01:14,967 - Loaded System Directive: org.apache.velocity.runtime.directive.Include
2014-12-18 16:01:14,969 - Loaded System Directive: org.apache.velocity.runtime.directive.Foreach
2014-12-18 16:01:15,010 - Created: 20 parsers.
2014-12-18 16:01:15,015 - Velocimacro : initialization starting.
2014-12-18 16:01:15,015 - Velocimacro : adding VMs from VM library template : VM_global_library.vm
2014-12-18 16:01:15,019 - ResourceManager : unable to find resource 'VM_global_library.vm' in any resource loader.
2014-12-18 16:01:15,019 - Velocimacro : error using  VM library template VM_global_library.vm : org.apache.velocity.exception.ResourceNotFoundException: Unable to find resource 'VM_global_library.vm'
2014-12-18 16:01:15,019 - Velocimacro :  VM library template macro registration complete.
2014-12-18 16:01:15,019 - Velocimacro : allowInline = true : VMs can be defined inline in templates
2014-12-18 16:01:15,019 - Velocimacro : allowInlineToOverride = false : VMs defined inline may NOT replace previous VM definitions
2014-12-18 16:01:15,019 - Velocimacro : allowInlineLocal = false : VMs defined inline will be  global in scope if allowed.
2014-12-18 16:01:15,019 - Velocimacro : messages on  : VM system will output logging messages
2014-12-18 16:01:15,019 - Velocimacro : autoload off  : VM system will not automatically reload global library macros
2014-12-18 16:01:15,019 - Velocimacro : initialization complete.
2014-12-18 16:01:15,019 - Velocity successfully started.
2014-12-18 16:03:21,702 - SimpleLog4JLogSystem initialized using logfile 'velocity.log'
2014-12-18 16:03:21,721 - ************************************************************** 
2014-12-18 16:03:21,721 - Starting Jakarta Velocity v1.4
2014-12-18 16:03:21,721 - RuntimeInstance initializing.
2014-12-18 16:03:21,721 - Default Properties File: org/apache/velocity/runtime/defaults/velocity.properties
2014-12-18 16:03:21,721 - Trying to use logger class org.apache.velocity.runtime.log.SimpleLog4JLogSystem
2014-12-18 16:03:21,721 - Using logger class org.apache.velocity.runtime.log.SimpleLog4JLogSystem
2014-12-18 16:03:21,727 - Default ResourceManager initializing. (class org.apache.velocity.runtime.resource.ResourceManagerImpl)
2014-12-18 16:03:21,734 - Resource Loader Instantiated: org.apache.velocity.runtime.resource.loader.ClasspathResourceLoader
2014-12-18 16:03:21,734 - ClasspathResourceLoader : initialization starting.
2014-12-18 16:03:21,734 - ClasspathResourceLoader : initialization complete.
2014-12-18 16:03:21,738 - ResourceCache : initialized. (class org.apache.velocity.runtime.resource.ResourceCacheImpl)
2014-12-18 16:03:21,738 - Default ResourceManager initialization complete.
2014-12-18 16:03:21,742 - Loaded System Directive: org.apache.velocity.runtime.directive.Literal
2014-12-18 16:03:21,745 - Loaded System Directive: org.apache.velocity.runtime.directive.Macro
2014-12-18 16:03:21,750 - Loaded System Directive: org.apache.velocity.runtime.directive.Parse
2014-12-18 16:03:21,753 - Loaded System Directive: org.apache.velocity.runtime.directive.Include
2014-12-18 16:03:21,754 - Loaded System Directive: org.apache.velocity.runtime.directive.Foreach
2014-12-18 16:03:21,781 - Created: 20 parsers.
2014-12-18 16:03:21,786 - Velocimacro : initialization starting.
2014-12-18 16:03:21,786 - Velocimacro : adding VMs from VM library template : VM_global_library.vm
2014-12-18 16:03:21,790 - ResourceManager : unable to find resource 'VM_global_library.vm' in any resource loader.
2014-12-18 16:03:21,790 - Velocimacro : error using  VM library template VM_global_library.vm : org.apache.velocity.exception.ResourceNotFoundException: Unable to find resource 'VM_global_library.vm'
2014-12-18 16:03:21,790 - Velocimacro :  VM library template macro registration complete.
2014-12-18 16:03:21,790 - Velocimacro : allowInline = true : VMs can be defined inline in templates
2014-12-18 16:03:21,790 - Velocimacro : allowInlineToOverride = false : VMs defined inline may NOT replace previous VM definitions
2014-12-18 16:03:21,790 - Velocimacro : allowInlineLocal = false : VMs defined inline will be  global in scope if allowed.
2014-12-18 16:03:21,790 - Velocimacro : messages on  : VM system will output logging messages
2014-12-18 16:03:21,790 - Velocimacro : autoload off  : VM system will not automatically reload global library macros
2014-12-18 16:03:21,790 - Velocimacro : initialization complete.
2014-12-18 16:03:21,790 - Velocity successfully started.
2014-12-18 16:07:20,939 - SimpleLog4JLogSystem initialized using logfile 'velocity.log'
2014-12-18 16:07:20,939 - ************************************************************** 
2014-12-18 16:07:20,939 - Starting Jakarta Velocity v1.4
2014-12-18 16:07:20,939 - RuntimeInstance initializing.
2014-12-18 16:07:20,939 - Default Properties File: org/apache/velocity/runtime/defaults/velocity.properties
2014-12-18 16:07:20,939 - Trying to use logger class org.apache.velocity.runtime.log.SimpleLog4JLogSystem
2014-12-18 16:07:20,939 - Using logger class org.apache.velocity.runtime.log.SimpleLog4JLogSystem
2014-12-18 16:07:20,945 - Default ResourceManager initializing. (class org.apache.velocity.runtime.resource.ResourceManagerImpl)
2014-12-18 16:07:20,950 - Resource Loader Instantiated: org.apache.velocity.runtime.resource.loader.ClasspathResourceLoader
2014-12-18 16:07:20,950 - ClasspathResourceLoader : initialization starting.
2014-12-18 16:07:20,950 - ClasspathResourceLoader : initialization complete.
2014-12-18 16:07:20,953 - ResourceCache : initialized. (class org.apache.velocity.runtime.resource.ResourceCacheImpl)
2014-12-18 16:07:20,953 - Default ResourceManager initialization complete.
2014-12-18 16:07:20,956 - Loaded System Directive: org.apache.velocity.runtime.directive.Literal
2014-12-18 16:07:20,960 - Loaded System Directive: org.apache.velocity.runtime.directive.Macro
2014-12-18 16:07:20,973 - Loaded System Directive: org.apache.velocity.runtime.directive.Parse
2014-12-18 16:07:20,976 - Loaded System Directive: org.apache.velocity.runtime.directive.Include
2014-12-18 16:07:20,977 - Loaded System Directive: org.apache.velocity.runtime.directive.Foreach
2014-12-18 16:07:21,019 - Created: 20 parsers.
2014-12-18 16:07:21,025 - Velocimacro : initialization starting.
2014-12-18 16:07:21,025 - Velocimacro : adding VMs from VM library template : VM_global_library.vm
2014-12-18 16:07:21,028 - ResourceManager : unable to find resource 'VM_global_library.vm' in any resource loader.
2014-12-18 16:07:21,028 - Velocimacro : error using  VM library template VM_global_library.vm : org.apache.velocity.exception.ResourceNotFoundException: Unable to find resource 'VM_global_library.vm'
2014-12-18 16:07:21,029 - Velocimacro :  VM library template macro registration complete.
2014-12-18 16:07:21,029 - Velocimacro : allowInline = true : VMs can be defined inline in templates
2014-12-18 16:07:21,029 - Velocimacro : allowInlineToOverride = false : VMs defined inline may NOT replace previous VM definitions
2014-12-18 16:07:21,029 - Velocimacro : allowInlineLocal = false : VMs defined inline will be  global in scope if allowed.
2014-12-18 16:07:21,029 - Velocimacro : messages on  : VM system will output logging messages
2014-12-18 16:07:21,029 - Velocimacro : autoload off  : VM system will not automatically reload global library macros
2014-12-18 16:07:21,029 - Velocimacro : initialization complete.
2014-12-18 16:07:21,029 - Velocity successfully started.
2014-12-18 16:09:06,878 - SimpleLog4JLogSystem initialized using logfile 'velocity.log'
2014-12-18 16:09:06,879 - ************************************************************** 
2014-12-18 16:09:06,879 - Starting Jakarta Velocity v1.4
2014-12-18 16:09:06,879 - RuntimeInstance initializing.
2014-12-18 16:09:06,879 - Default Properties File: org/apache/velocity/runtime/defaults/velocity.properties
2014-12-18 16:09:06,879 - Trying to use logger class org.apache.velocity.runtime.log.SimpleLog4JLogSystem
2014-12-18 16:09:06,879 - Using logger class org.apache.velocity.runtime.log.SimpleLog4JLogSystem
2014-12-18 16:09:06,884 - Default ResourceManager initializing. (class org.apache.velocity.runtime.resource.ResourceManagerImpl)
2014-12-18 16:09:06,889 - Resource Loader Instantiated: org.apache.velocity.runtime.resource.loader.ClasspathResourceLoader
2014-12-18 16:09:06,889 - ClasspathResourceLoader : initialization starting.
2014-12-18 16:09:06,889 - ClasspathResourceLoader : initialization complete.
2014-12-18 16:09:06,892 - ResourceCache : initialized. (class org.apache.velocity.runtime.resource.ResourceCacheImpl)
2014-12-18 16:09:06,892 - Default ResourceManager initialization complete.
2014-12-18 16:09:06,895 - Loaded System Directive: org.apache.velocity.runtime.directive.Literal
2014-12-18 16:09:06,898 - Loaded System Directive: org.apache.velocity.runtime.directive.Macro
2014-12-18 16:09:06,902 - Loaded System Directive: org.apache.velocity.runtime.directive.Parse
2014-12-18 16:09:06,905 - Loaded System Directive: org.apache.velocity.runtime.directive.Include
2014-12-18 16:09:06,907 - Loaded System Directive: org.apache.velocity.runtime.directive.Foreach
2014-12-18 16:09:06,947 - Created: 20 parsers.
2014-12-18 16:09:06,952 - Velocimacro : initialization starting.
2014-12-18 16:09:06,952 - Velocimacro : adding VMs from VM library template : VM_global_library.vm
2014-12-18 16:09:06,956 - ResourceManager : unable to find resource 'VM_global_library.vm' in any resource loader.
2014-12-18 16:09:06,956 - Velocimacro : error using  VM library template VM_global_library.vm : org.apache.velocity.exception.ResourceNotFoundException: Unable to find resource 'VM_global_library.vm'
2014-12-18 16:09:06,956 - Velocimacro :  VM library template macro registration complete.
2014-12-18 16:09:06,956 - Velocimacro : allowInline = true : VMs can be defined inline in templates
2014-12-18 16:09:06,956 - Velocimacro : allowInlineToOverride = false : VMs defined inline may NOT replace previous VM definitions
2014-12-18 16:09:06,956 - Velocimacro : allowInlineLocal = false : VMs defined inline will be  global in scope if allowed.
2014-12-18 16:09:06,956 - Velocimacro : messages on  : VM system will output logging messages
2014-12-18 16:09:06,956 - Velocimacro : autoload off  : VM system will not automatically reload global library macros
2014-12-18 16:09:06,956 - Velocimacro : initialization complete.
2014-12-18 16:09:06,956 - Velocity successfully started.
2014-12-18 16:15:16,711 - SimpleLog4JLogSystem initialized using logfile 'velocity.log'
2014-12-18 16:15:16,712 - ************************************************************** 
2014-12-18 16:15:16,712 - Starting Jakarta Velocity v1.4
2014-12-18 16:15:16,712 - RuntimeInstance initializing.
2014-12-18 16:15:16,712 - Default Properties File: org/apache/velocity/runtime/defaults/velocity.properties
2014-12-18 16:15:16,712 - Trying to use logger class org.apache.velocity.runtime.log.SimpleLog4JLogSystem
2014-12-18 16:15:16,712 - Using logger class org.apache.velocity.runtime.log.SimpleLog4JLogSystem
2014-12-18 16:15:16,728 - Default ResourceManager initializing. (class org.apache.velocity.runtime.resource.ResourceManagerImpl)
2014-12-18 16:15:16,734 - Resource Loader Instantiated: org.apache.velocity.runtime.resource.loader.ClasspathResourceLoader
2014-12-18 16:15:16,734 - ClasspathResourceLoader : initialization starting.
2014-12-18 16:15:16,734 - ClasspathResourceLoader : initialization complete.
2014-12-18 16:15:16,737 - ResourceCache : initialized. (class org.apache.velocity.runtime.resource.ResourceCacheImpl)
2014-12-18 16:15:16,737 - Default ResourceManager initialization complete.
2014-12-18 16:15:16,742 - Loaded System Directive: org.apache.velocity.runtime.directive.Literal
2014-12-18 16:15:16,747 - Loaded System Directive: org.apache.velocity.runtime.directive.Macro
2014-12-18 16:15:16,754 - Loaded System Directive: org.apache.velocity.runtime.directive.Parse
2014-12-18 16:15:16,758 - Loaded System Directive: org.apache.velocity.runtime.directive.Include
2014-12-18 16:15:16,759 - Loaded System Directive: org.apache.velocity.runtime.directive.Foreach
2014-12-18 16:15:16,793 - Created: 20 parsers.
2014-12-18 16:15:16,799 - Velocimacro : initialization starting.
2014-12-18 16:15:16,799 - Velocimacro : adding VMs from VM library template : VM_global_library.vm
2014-12-18 16:15:16,803 - ResourceManager : unable to find resource 'VM_global_library.vm' in any resource loader.
2014-12-18 16:15:16,803 - Velocimacro : error using  VM library template VM_global_library.vm : org.apache.velocity.exception.ResourceNotFoundException: Unable to find resource 'VM_global_library.vm'
2014-12-18 16:15:16,803 - Velocimacro :  VM library template macro registration complete.
2014-12-18 16:15:16,803 - Velocimacro : allowInline = true : VMs can be defined inline in templates
2014-12-18 16:15:16,803 - Velocimacro : allowInlineToOverride = false : VMs defined inline may NOT replace previous VM definitions
2014-12-18 16:15:16,803 - Velocimacro : allowInlineLocal = false : VMs defined inline will be  global in scope if allowed.
2014-12-18 16:15:16,803 - Velocimacro : messages on  : VM system will output logging messages
2014-12-18 16:15:16,803 - Velocimacro : autoload off  : VM system will not automatically reload global library macros
2014-12-18 16:15:16,803 - Velocimacro : initialization complete.
2014-12-18 16:15:16,803 - Velocity successfully started.
